Using pre-set license
Built from '2020.3/staging' branch; Version is '2020.3.11f1 (99c7afb366b3) revision 10078127'; Using compiler version '192528614'; Build Type 'Release'
OS: 'Windows 10 Pro; OS build 19042.1110; Version 2009; 64bit' Language: 'ja' Physical Memory: 8048 MB
BatchMode: 1, IsHumanControllingUs: 0, StartBugReporterOnCrash: 0, Is64bit: 1, IsPro: 0

 COMMAND LINE ARGUMENTS:
C:\Program Files\Unity\Hub\Editor\2020.3.11f1\Editor\Unity.exe
-adb2
-batchMode
-noUpm
-name
AssetImportWorker0
-projectPath
C:/Users/user/Desktop/Personal/GlidderesPrototype/Glidders
-logFile
Logs/AssetImportWorker0.log
-srvPort
55774
Successfully changed project path to: C:/Users/user/Desktop/Personal/GlidderesPrototype/Glidders
C:/Users/user/Desktop/Personal/GlidderesPrototype/Glidders
Using Asset Import Pipeline V2.
Refreshing native plugins compatible for Editor in 183.88 ms, found 3 plugins.
Preloading 0 native plugins for Editor in 0.00 ms.
Initialize engine version: 2020.3.11f1 (99c7afb366b3)
[Subsystems] Discovering subsystems at path C:/Program Files/Unity/Hub/Editor/2020.3.11f1/Editor/Data/Resources/UnitySubsystems
[Subsystems] Discovering subsystems at path C:/Users/user/Desktop/Personal/GlidderesPrototype/Glidders/Assets
GfxDevice: creating device client; threaded=0
Direct3D:
    Version:  Direct3D 11.0 [level 11.1]
    Renderer: Intel(R) UHD Graphics 620 (ID=0x5917)
    Vendor:   
    VRAM:     4024 MB
    Driver:   27.20.100.7988
Initialize mono
Mono path[0] = 'C:/Program Files/Unity/Hub/Editor/2020.3.11f1/Editor/Data/Managed'
Mono path[1] = 'C:/Program Files/Unity/Hub/Editor/2020.3.11f1/Editor/Data/MonoBleedingEdge/lib/mono/unityjit'
Mono config path = 'C:/Program Files/Unity/Hub/Editor/2020.3.11f1/Editor/Data/MonoBleedingEdge/etc'
Using monoOptions --debugger-agent=transport=dt_socket,embedding=1,server=y,suspend=n,address=127.0.0.1:56760
Begin MonoManager ReloadAssembly
Registering precompiled unity dll's ...
Register platform support module: C:/Program Files/Unity/Hub/Editor/2020.3.11f1/Editor/Data/PlaybackEngines/WindowsStandaloneSupport/UnityEditor.WindowsStandalone.Extensions.dll
Registered in 0.002828 seconds.
Native extension for WindowsStandalone target not found
Refreshing native plugins compatible for Editor in 60.05 ms, found 3 plugins.
Preloading 0 native plugins for Editor in 0.00 ms.
Mono: successfully reloaded assembly
- Completed reload, in  1.514 seconds
Platform modules already initialized, skipping
Registering precompiled user dll's ...
Registered in 0.007559 seconds.
Begin MonoManager ReloadAssembly
Native extension for WindowsStandalone target not found
Refreshing native plugins compatible for Editor in 55.60 ms, found 3 plugins.
Preloading 0 native plugins for Editor in 0.00 ms.
Mono: successfully reloaded assembly
- Completed reload, in  1.480 seconds
Platform modules already initialized, skipping
========================================================================
Worker process is ready to serve import requests
Launched and connected shader compiler UnityShaderCompiler.exe after 0.08 seconds
Refreshing native plugins compatible for Editor in 0.64 ms, found 3 plugins.
Preloading 0 native plugins for Editor in 0.00 ms.
Unloading 2550 Unused Serialized files (Serialized files now loaded: 0)
System memory in use before: 110.5 MB.
System memory in use after: 110.7 MB.

Unloading 36 unused Assets to reduce memory usage. Loaded Objects now: 2987.
Total: 2.600300 ms (FindLiveObjects: 0.248200 ms CreateObjectMapping: 0.127100 ms MarkObjects: 2.111300 ms  DeleteObjects: 0.112500 ms)

========================================================================
Received Import Request.
  path: Assets/Editor/BuffDataCreator.cs
  artifactKey: Guid(3118467dc604b444f993d0218124d801) Importer(815301076,1909f56bfc062723c751e8b465ee728b)
Start importing Assets/Editor/BuffDataCreator.cs using Guid(3118467dc604b444f993d0218124d801) Importer(815301076,1909f56bfc062723c751e8b465ee728b)  -> (artifact id: '48423ad9ccff91c0c2f3a39150953df1') in 0.049758 seconds
  Import took 0.056341 seconds .

========================================================================
Received Import Request.
  Time since last request: 5.710460 seconds.
  path: Assets/Editor/BuffDataCreator.cs
  artifactKey: Guid(3118467dc604b444f993d0218124d801) Importer(815301076,1909f56bfc062723c751e8b465ee728b)
Start importing Assets/Editor/BuffDataCreator.cs using Guid(3118467dc604b444f993d0218124d801) Importer(815301076,1909f56bfc062723c751e8b465ee728b)  -> (artifact id: 'b407c5cfed0318d10263ae5165d2a909') in 0.007596 seconds
  Import took 0.017244 seconds .

========================================================================
Received Prepare
Registering precompiled user dll's ...
Registered in 0.007800 seconds.
Begin MonoManager ReloadAssembly
Native extension for WindowsStandalone target not found
Refreshing native plugins compatible for Editor in 0.64 ms, found 3 plugins.
Preloading 0 native plugins for Editor in 0.00 ms.
Mono: successfully reloaded assembly
- Completed reload, in  1.288 seconds
Platform modules already initialized, skipping
Refreshing native plugins compatible for Editor in 1.60 ms, found 3 plugins.
Preloading 0 native plugins for Editor in 0.00 ms.
Unloading 2537 Unused Serialized files (Serialized files now loaded: 0)
System memory in use before: 109.9 MB.
System memory in use after: 110.1 MB.

Unloading 24 unused Assets to reduce memory usage. Loaded Objects now: 2991.
Total: 3.818100 ms (FindLiveObjects: 0.981600 ms CreateObjectMapping: 0.288400 ms MarkObjects: 2.516900 ms  DeleteObjects: 0.029500 ms)

AssetImportWorkerClient::OnTransportError - code=2 error=End of file
