Using pre-set license
Built from '2020.3/staging' branch; Version is '2020.3.11f1 (99c7afb366b3) revision 10078127'; Using compiler version '192528614'; Build Type 'Release'
OS: 'Windows 10 Pro; OS build 19042.1237; Version 2009; 64bit' Language: 'ja' Physical Memory: 8048 MB
BatchMode: 1, IsHumanControllingUs: 0, StartBugReporterOnCrash: 0, Is64bit: 1, IsPro: 0

 COMMAND LINE ARGUMENTS:
C:\Program Files\Unity\Hub\Editor\2020.3.11f1\Editor\Unity.exe
-adb2
-batchMode
-noUpm
-name
AssetImportWorker3
-projectPath
C:/Users/user/Documents/GlidderesPrototype/Glidders
-logFile
Logs/AssetImportWorker3.log
-srvPort
54032
Successfully changed project path to: C:/Users/user/Documents/GlidderesPrototype/Glidders
C:/Users/user/Documents/GlidderesPrototype/Glidders
Using Asset Import Pipeline V2.
Refreshing native plugins compatible for Editor in 149.14 ms, found 3 plugins.
Preloading 0 native plugins for Editor in 0.00 ms.
Initialize engine version: 2020.3.11f1 (99c7afb366b3)
[Subsystems] Discovering subsystems at path C:/Program Files/Unity/Hub/Editor/2020.3.11f1/Editor/Data/Resources/UnitySubsystems
[Subsystems] Discovering subsystems at path C:/Users/user/Documents/GlidderesPrototype/Glidders/Assets
GfxDevice: creating device client; threaded=0
Direct3D:
    Version:  Direct3D 11.0 [level 11.1]
    Renderer: Intel(R) UHD Graphics 620 (ID=0x5917)
    Vendor:   
    VRAM:     4024 MB
    Driver:   27.20.100.7988
Initialize mono
Mono path[0] = 'C:/Program Files/Unity/Hub/Editor/2020.3.11f1/Editor/Data/Managed'
Mono path[1] = 'C:/Program Files/Unity/Hub/Editor/2020.3.11f1/Editor/Data/MonoBleedingEdge/lib/mono/unityjit'
Mono config path = 'C:/Program Files/Unity/Hub/Editor/2020.3.11f1/Editor/Data/MonoBleedingEdge/etc'
Using monoOptions --debugger-agent=transport=dt_socket,embedding=1,server=y,suspend=n,address=127.0.0.1:56200
Begin MonoManager ReloadAssembly
Registering precompiled unity dll's ...
Register platform support module: C:/Program Files/Unity/Hub/Editor/2020.3.11f1/Editor/Data/PlaybackEngines/WindowsStandaloneSupport/UnityEditor.WindowsStandalone.Extensions.dll
Registered in 0.012218 seconds.
Native extension for WindowsStandalone target not found
Refreshing native plugins compatible for Editor in 147.84 ms, found 3 plugins.
Preloading 0 native plugins for Editor in 0.00 ms.
Mono: successfully reloaded assembly
- Completed reload, in  3.174 seconds
Platform modules already initialized, skipping
Registering precompiled user dll's ...
Registered in 0.016504 seconds.
Begin MonoManager ReloadAssembly
Native extension for WindowsStandalone target not found
Refreshing native plugins compatible for Editor in 136.64 ms, found 3 plugins.
Preloading 0 native plugins for Editor in 0.00 ms.
Mono: successfully reloaded assembly
- Completed reload, in  8.821 seconds
Platform modules already initialized, skipping
========================================================================
Worker process is ready to serve import requests
Launched and connected shader compiler UnityShaderCompiler.exe after 0.23 seconds
Refreshing native plugins compatible for Editor in 1.23 ms, found 3 plugins.
Preloading 0 native plugins for Editor in 0.00 ms.
Unloading 2697 Unused Serialized files (Serialized files now loaded: 0)
System memory in use before: 119.6 MB.
System memory in use after: 119.8 MB.

Unloading 36 unused Assets to reduce memory usage. Loaded Objects now: 3133.
Total: 10.988100 ms (FindLiveObjects: 0.527900 ms CreateObjectMapping: 0.301500 ms MarkObjects: 9.757500 ms  DeleteObjects: 0.396900 ms)

========================================================================
Received Import Request.
  path: Assets/Scenes/ResultScene.unity
  artifactKey: Guid(26036c7ac6c379243ae17040e0282f61) Importer(815301076,1909f56bfc062723c751e8b465ee728b)
Start importing Assets/Scenes/ResultScene.unity using Guid(26036c7ac6c379243ae17040e0282f61) Importer(815301076,1909f56bfc062723c751e8b465ee728b)  -> (artifact id: '7487e5c9db535070207b9ec4db96b6b8') in 0.076834 seconds
  Import took 0.095064 seconds .

========================================================================
Received Import Request.
  Time since last request: 0.000502 seconds.
  path: Assets/Scenes/OfflineRoomScene.unity
  artifactKey: Guid(99124ebfb8d1415459c8d288c138f312) Importer(815301076,1909f56bfc062723c751e8b465ee728b)
Start importing Assets/Scenes/OfflineRoomScene.unity using Guid(99124ebfb8d1415459c8d288c138f312) Importer(815301076,1909f56bfc062723c751e8b465ee728b)  -> (artifact id: 'fb653015a6737ba28c3fa8693352b8c4') in 0.017436 seconds
  Import took 0.027181 seconds .

========================================================================
Received Import Request.
  Time since last request: 251.580899 seconds.
  path: Assets/Resources/ScriptableObjects/Skills/01_Kaito/S0103_ネブラインパクト.asset
  artifactKey: Guid(8de9e902c7920d7409f6e1734eea4514) Importer(815301076,1909f56bfc062723c751e8b465ee728b)
Start importing Assets/Resources/ScriptableObjects/Skills/01_Kaito/S0103_ネブラインパクト.asset using Guid(8de9e902c7920d7409f6e1734eea4514) Importer(815301076,1909f56bfc062723c751e8b465ee728b)  -> (artifact id: 'cb7eb18c4994750b672298b849290ab8') in 0.179012 seconds
  Import took 0.188408 seconds .

========================================================================
Received Import Request.
  Time since last request: 2.283801 seconds.
  path: Assets/Resources/ScriptableObjects/Skills/02_Seira/S0201_DustTrail-1.3.asset
  artifactKey: Guid(08e3495879c11084cb7a23106d2d5bd7) Importer(815301076,1909f56bfc062723c751e8b465ee728b)
Start importing Assets/Resources/ScriptableObjects/Skills/02_Seira/S0201_DustTrail-1.3.asset using Guid(08e3495879c11084cb7a23106d2d5bd7) Importer(815301076,1909f56bfc062723c751e8b465ee728b)  -> (artifact id: 'cc8ab388353baa21d884bcde97e8b9ac') in 0.202088 seconds
  Import took 0.212256 seconds .

========================================================================
Received Import Request.
  Time since last request: 3.702040 seconds.
  path: Assets/Resources/ScriptableObjects/Skills/03_Yu/S0301a_ブースター起動！.asset
  artifactKey: Guid(3b0cf4ed28feb1a4e9b48a4eac30f73a) Importer(815301076,1909f56bfc062723c751e8b465ee728b)
Start importing Assets/Resources/ScriptableObjects/Skills/03_Yu/S0301a_ブースター起動！.asset using Guid(3b0cf4ed28feb1a4e9b48a4eac30f73a) Importer(815301076,1909f56bfc062723c751e8b465ee728b)  -> (artifact id: '7fd9886b32889df3cad65d5331da3377') in 1.251445 seconds
  Import took 1.272673 seconds .

========================================================================
Received Import Request.
  Time since last request: 7.190327 seconds.
  path: Assets/Resources/ScriptableObjects/Skills/02_Seira/U02_Meteor-3.4.asset
  artifactKey: Guid(00931414e6c873c468c004af805e4c36) Importer(815301076,1909f56bfc062723c751e8b465ee728b)
Start importing Assets/Resources/ScriptableObjects/Skills/02_Seira/U02_Meteor-3.4.asset using Guid(00931414e6c873c468c004af805e4c36) Importer(815301076,1909f56bfc062723c751e8b465ee728b)  -> (artifact id: 'd0a839cac845d6f1dc117b013cd09ec7') in 0.070000 seconds
  Import took 0.079286 seconds .

========================================================================
Received Import Request.
  Time since last request: 3.451059 seconds.
  path: Assets/Resources/ScriptableObjects/Skills/02_Seira/S0203_Radiance.asset
  artifactKey: Guid(528a277267093ce468dabb4f09985ce8) Importer(815301076,1909f56bfc062723c751e8b465ee728b)
Start importing Assets/Resources/ScriptableObjects/Skills/02_Seira/S0203_Radiance.asset using Guid(528a277267093ce468dabb4f09985ce8) Importer(815301076,1909f56bfc062723c751e8b465ee728b)  -> (artifact id: '76024247f947e9e8645799751268fd98') in 0.099132 seconds
  Import took 0.107396 seconds .

========================================================================
Received Import Request.
  Time since last request: 3.698993 seconds.
  path: Assets/Resources/ScriptableObjects/Skills/02_Seira/S0202_MilkyWay-2.5.asset
  artifactKey: Guid(bf3238a1bd263294a9225b7562d3f45d) Importer(815301076,1909f56bfc062723c751e8b465ee728b)
Start importing Assets/Resources/ScriptableObjects/Skills/02_Seira/S0202_MilkyWay-2.5.asset using Guid(bf3238a1bd263294a9225b7562d3f45d) Importer(815301076,1909f56bfc062723c751e8b465ee728b)  -> (artifact id: 'c22aecbe2aa7af75f09eaed816ee1818') in 0.110818 seconds
  Import took 0.120104 seconds .

========================================================================
Received Prepare
Registering precompiled user dll's ...
Registered in 0.008645 seconds.
Begin MonoManager ReloadAssembly
Native extension for WindowsStandalone target not found
Refreshing native plugins compatible for Editor in 1.30 ms, found 3 plugins.
Preloading 0 native plugins for Editor in 0.00 ms.
Mono: successfully reloaded assembly
- Completed reload, in  2.723 seconds
Platform modules already initialized, skipping
Refreshing native plugins compatible for Editor in 1.37 ms, found 3 plugins.
Preloading 0 native plugins for Editor in 0.00 ms.
Unloading 2657 Unused Serialized files (Serialized files now loaded: 0)
System memory in use before: 116.2 MB.
System memory in use after: 116.5 MB.

Unloading 24 unused Assets to reduce memory usage. Loaded Objects now: 3136.
Total: 4.889200 ms (FindLiveObjects: 0.553500 ms CreateObjectMapping: 0.274200 ms MarkObjects: 4.012400 ms  DeleteObjects: 0.047200 ms)

========================================================================
Received Prepare
Registering precompiled user dll's ...
Registered in 0.008867 seconds.
Begin MonoManager ReloadAssembly
Native extension for WindowsStandalone target not found
Refreshing native plugins compatible for Editor in 1.16 ms, found 3 plugins.
Preloading 0 native plugins for Editor in 0.00 ms.
Mono: successfully reloaded assembly
- Completed reload, in  2.614 seconds
Platform modules already initialized, skipping
Refreshing native plugins compatible for Editor in 1.27 ms, found 3 plugins.
Preloading 0 native plugins for Editor in 0.00 ms.
Unloading 2657 Unused Serialized files (Serialized files now loaded: 0)
System memory in use before: 116.3 MB.
System memory in use after: 116.5 MB.

Unloading 24 unused Assets to reduce memory usage. Loaded Objects now: 3139.
Total: 3.286400 ms (FindLiveObjects: 0.384800 ms CreateObjectMapping: 0.290600 ms MarkObjects: 2.577900 ms  DeleteObjects: 0.031800 ms)

========================================================================
Received Prepare
Registering precompiled user dll's ...
Registered in 0.016534 seconds.
Begin MonoManager ReloadAssembly
Native extension for WindowsStandalone target not found
Refreshing native plugins compatible for Editor in 1.08 ms, found 3 plugins.
Preloading 0 native plugins for Editor in 0.00 ms.
Mono: successfully reloaded assembly
- Completed reload, in  2.892 seconds
Platform modules already initialized, skipping
Refreshing native plugins compatible for Editor in 1.79 ms, found 3 plugins.
Preloading 0 native plugins for Editor in 0.00 ms.
Unloading 2657 Unused Serialized files (Serialized files now loaded: 0)
System memory in use before: 116.3 MB.
System memory in use after: 116.5 MB.

Unloading 24 unused Assets to reduce memory usage. Loaded Objects now: 3142.
Total: 4.993400 ms (FindLiveObjects: 0.373200 ms CreateObjectMapping: 0.238700 ms MarkObjects: 4.330700 ms  DeleteObjects: 0.049200 ms)

========================================================================
Received Prepare
Registering precompiled user dll's ...
Registered in 0.027844 seconds.
Begin MonoManager ReloadAssembly
Native extension for WindowsStandalone target not found
Refreshing native plugins compatible for Editor in 0.80 ms, found 3 plugins.
Preloading 0 native plugins for Editor in 0.00 ms.
Mono: successfully reloaded assembly
- Completed reload, in  2.973 seconds
Platform modules already initialized, skipping
Refreshing native plugins compatible for Editor in 1.23 ms, found 3 plugins.
Preloading 0 native plugins for Editor in 0.00 ms.
Unloading 2657 Unused Serialized files (Serialized files now loaded: 0)
System memory in use before: 116.3 MB.
System memory in use after: 116.6 MB.

Unloading 24 unused Assets to reduce memory usage. Loaded Objects now: 3145.
Total: 3.287500 ms (FindLiveObjects: 0.328400 ms CreateObjectMapping: 0.181700 ms MarkObjects: 2.745500 ms  DeleteObjects: 0.030700 ms)

========================================================================
Received Prepare
Registering precompiled user dll's ...
Registered in 0.010057 seconds.
Begin MonoManager ReloadAssembly
Native extension for WindowsStandalone target not found
Refreshing native plugins compatible for Editor in 1.05 ms, found 3 plugins.
Preloading 0 native plugins for Editor in 0.00 ms.
Mono: successfully reloaded assembly
- Completed reload, in  2.517 seconds
Platform modules already initialized, skipping
Refreshing native plugins compatible for Editor in 0.86 ms, found 3 plugins.
Preloading 0 native plugins for Editor in 0.00 ms.
Unloading 2657 Unused Serialized files (Serialized files now loaded: 0)
System memory in use before: 116.4 MB.
System memory in use after: 116.6 MB.

Unloading 24 unused Assets to reduce memory usage. Loaded Objects now: 3148.
Total: 3.013900 ms (FindLiveObjects: 0.297100 ms CreateObjectMapping: 0.200400 ms MarkObjects: 2.482800 ms  DeleteObjects: 0.032600 ms)

========================================================================
Received Prepare
Registering precompiled user dll's ...
Registered in 0.009470 seconds.
Begin MonoManager ReloadAssembly
Native extension for WindowsStandalone target not found
Refreshing native plugins compatible for Editor in 1.23 ms, found 3 plugins.
Preloading 0 native plugins for Editor in 0.00 ms.
Mono: successfully reloaded assembly
- Completed reload, in  2.733 seconds
Platform modules already initialized, skipping
Refreshing native plugins compatible for Editor in 0.88 ms, found 3 plugins.
Preloading 0 native plugins for Editor in 0.00 ms.
Unloading 2657 Unused Serialized files (Serialized files now loaded: 0)
System memory in use before: 116.4 MB.
System memory in use after: 116.6 MB.

Unloading 24 unused Assets to reduce memory usage. Loaded Objects now: 3151.
Total: 4.436500 ms (FindLiveObjects: 0.392400 ms CreateObjectMapping: 0.324100 ms MarkObjects: 3.483600 ms  DeleteObjects: 0.235200 ms)

========================================================================
Received Prepare
Registering precompiled user dll's ...
Registered in 0.008583 seconds.
Begin MonoManager ReloadAssembly
Native extension for WindowsStandalone target not found
Refreshing native plugins compatible for Editor in 0.90 ms, found 3 plugins.
Preloading 0 native plugins for Editor in 0.00 ms.
Mono: successfully reloaded assembly
- Completed reload, in  3.048 seconds
Platform modules already initialized, skipping
Refreshing native plugins compatible for Editor in 1.19 ms, found 3 plugins.
Preloading 0 native plugins for Editor in 0.00 ms.
Unloading 2657 Unused Serialized files (Serialized files now loaded: 0)
System memory in use before: 116.4 MB.
System memory in use after: 116.6 MB.

Unloading 24 unused Assets to reduce memory usage. Loaded Objects now: 3154.
Total: 12.335000 ms (FindLiveObjects: 1.407400 ms CreateObjectMapping: 0.935000 ms MarkObjects: 9.458300 ms  DeleteObjects: 0.523300 ms)

========================================================================
Received Prepare
Registering precompiled user dll's ...
Registered in 0.012188 seconds.
Begin MonoManager ReloadAssembly
Native extension for WindowsStandalone target not found
Refreshing native plugins compatible for Editor in 1.26 ms, found 3 plugins.
Preloading 0 native plugins for Editor in 0.00 ms.
Mono: successfully reloaded assembly
- Completed reload, in  2.576 seconds
Platform modules already initialized, skipping
Refreshing native plugins compatible for Editor in 1.08 ms, found 3 plugins.
Preloading 0 native plugins for Editor in 0.00 ms.
Unloading 2657 Unused Serialized files (Serialized files now loaded: 0)
System memory in use before: 116.4 MB.
System memory in use after: 116.6 MB.

Unloading 24 unused Assets to reduce memory usage. Loaded Objects now: 3157.
Total: 4.269800 ms (FindLiveObjects: 0.402500 ms CreateObjectMapping: 0.255400 ms MarkObjects: 3.564600 ms  DeleteObjects: 0.044900 ms)

========================================================================
Received Prepare
Registering precompiled user dll's ...
Registered in 0.010010 seconds.
Begin MonoManager ReloadAssembly
Native extension for WindowsStandalone target not found
Refreshing native plugins compatible for Editor in 0.96 ms, found 3 plugins.
Preloading 0 native plugins for Editor in 0.00 ms.
Mono: successfully reloaded assembly
- Completed reload, in  2.680 seconds
Platform modules already initialized, skipping
Refreshing native plugins compatible for Editor in 1.21 ms, found 3 plugins.
Preloading 0 native plugins for Editor in 0.00 ms.
Unloading 2657 Unused Serialized files (Serialized files now loaded: 0)
System memory in use before: 116.4 MB.
System memory in use after: 116.6 MB.

Unloading 24 unused Assets to reduce memory usage. Loaded Objects now: 3160.
Total: 11.436300 ms (FindLiveObjects: 1.361000 ms CreateObjectMapping: 0.670800 ms MarkObjects: 9.187300 ms  DeleteObjects: 0.212700 ms)

========================================================================
Received Import Request.
  Time since last request: 3333.279084 seconds.
  path: Assets/Resources/ScriptableObjects/Skills/03_Yu/U03c_ブーストダッシュ！.asset
  artifactKey: Guid(32147c6d6bcd323409a938db89cb33b7) Importer(815301076,1909f56bfc062723c751e8b465ee728b)
Start importing Assets/Resources/ScriptableObjects/Skills/03_Yu/U03c_ブーストダッシュ！.asset using Guid(32147c6d6bcd323409a938db89cb33b7) Importer(815301076,1909f56bfc062723c751e8b465ee728b)  -> (artifact id: '9943c113b96540ae97f3874c6aadf10e') in 0.388039 seconds
  Import took 0.402112 seconds .

========================================================================
Received Import Request.
  Time since last request: 0.835067 seconds.
  path: Assets/Resources/ScriptableObjects/Skills/03_Yu/U03b_ブーストダッシュ！.asset
  artifactKey: Guid(c24008eae42cca940adb9a019b006c6d) Importer(815301076,1909f56bfc062723c751e8b465ee728b)
Start importing Assets/Resources/ScriptableObjects/Skills/03_Yu/U03b_ブーストダッシュ！.asset using Guid(c24008eae42cca940adb9a019b006c6d) Importer(815301076,1909f56bfc062723c751e8b465ee728b)  -> (artifact id: 'c09022f361c2d065e75fad5b72be2097') in 0.247735 seconds
  Import took 0.315608 seconds .

========================================================================
Received Import Request.
  Time since last request: 0.540001 seconds.
  path: Assets/Resources/ScriptableObjects/Skills/03_Yu/U03a_ブーストダッシュ！.asset
  artifactKey: Guid(9a56cf365e827144795c1f94c8f56785) Importer(815301076,1909f56bfc062723c751e8b465ee728b)
Start importing Assets/Resources/ScriptableObjects/Skills/03_Yu/U03a_ブーストダッシュ！.asset using Guid(9a56cf365e827144795c1f94c8f56785) Importer(815301076,1909f56bfc062723c751e8b465ee728b)  -> (artifact id: '1accf7cd306e7c1efbb71c5100fb57f7') in 0.025521 seconds
  Import took 0.079403 seconds .

========================================================================
Received Import Request.
  Time since last request: 49.868008 seconds.
  path: Assets/Resources/ScriptableObjects/Skills/04_Mitsuha/U04b_トランスライド.asset
  artifactKey: Guid(c95f7e10b0f18c6429d9297c71c4f0a3) Importer(815301076,1909f56bfc062723c751e8b465ee728b)
Start importing Assets/Resources/ScriptableObjects/Skills/04_Mitsuha/U04b_トランスライド.asset using Guid(c95f7e10b0f18c6429d9297c71c4f0a3) Importer(815301076,1909f56bfc062723c751e8b465ee728b)  -> (artifact id: '83c6369b15e53f4458e96960eb37f4c4') in 1.026788 seconds
  Import took 1.042154 seconds .

========================================================================
Received Import Request.
  Time since last request: 0.000356 seconds.
  path: Assets/Resources/ScriptableObjects/Skills/04_Mitsuha/U04a_トランスライド.asset
  artifactKey: Guid(de0b731166ba71a4aa0344c178fceb59) Importer(815301076,1909f56bfc062723c751e8b465ee728b)
Start importing Assets/Resources/ScriptableObjects/Skills/04_Mitsuha/U04a_トランスライド.asset using Guid(de0b731166ba71a4aa0344c178fceb59) Importer(815301076,1909f56bfc062723c751e8b465ee728b)  -> (artifact id: 'd4bbd7b8b1b11b2631329c02ee801777') in 0.230002 seconds
  Import took 0.247249 seconds .

========================================================================
Received Prepare
Registering precompiled user dll's ...
Registered in 0.017614 seconds.
Begin MonoManager ReloadAssembly
Native extension for WindowsStandalone target not found
Refreshing native plugins compatible for Editor in 1.19 ms, found 3 plugins.
Preloading 0 native plugins for Editor in 0.00 ms.
Mono: successfully reloaded assembly
- Completed reload, in  3.074 seconds
Platform modules already initialized, skipping
Refreshing native plugins compatible for Editor in 1.67 ms, found 3 plugins.
Preloading 0 native plugins for Editor in 0.00 ms.
Unloading 2657 Unused Serialized files (Serialized files now loaded: 0)
System memory in use before: 116.4 MB.
System memory in use after: 116.6 MB.

Unloading 24 unused Assets to reduce memory usage. Loaded Objects now: 3163.
Total: 4.603300 ms (FindLiveObjects: 0.398600 ms CreateObjectMapping: 0.189600 ms MarkObjects: 3.975400 ms  DeleteObjects: 0.038200 ms)

========================================================================
Received Prepare
Registering precompiled user dll's ...
Registered in 0.008844 seconds.
Begin MonoManager ReloadAssembly
Native extension for WindowsStandalone target not found
Refreshing native plugins compatible for Editor in 1.22 ms, found 3 plugins.
Preloading 0 native plugins for Editor in 0.00 ms.
Mono: successfully reloaded assembly
- Completed reload, in  2.731 seconds
Platform modules already initialized, skipping
Refreshing native plugins compatible for Editor in 1.23 ms, found 3 plugins.
Preloading 0 native plugins for Editor in 0.00 ms.
Unloading 2657 Unused Serialized files (Serialized files now loaded: 0)
System memory in use before: 116.4 MB.
System memory in use after: 116.6 MB.

Unloading 24 unused Assets to reduce memory usage. Loaded Objects now: 3166.
Total: 3.194400 ms (FindLiveObjects: 0.387200 ms CreateObjectMapping: 0.254600 ms MarkObjects: 2.520300 ms  DeleteObjects: 0.031100 ms)

========================================================================
Received Prepare
Registering precompiled user dll's ...
Registered in 0.011366 seconds.
Begin MonoManager ReloadAssembly
Native extension for WindowsStandalone target not found
Refreshing native plugins compatible for Editor in 1.94 ms, found 3 plugins.
Preloading 0 native plugins for Editor in 0.00 ms.
Mono: successfully reloaded assembly
- Completed reload, in  2.492 seconds
Platform modules already initialized, skipping
Refreshing native plugins compatible for Editor in 1.23 ms, found 3 plugins.
Preloading 0 native plugins for Editor in 0.00 ms.
Unloading 2657 Unused Serialized files (Serialized files now loaded: 0)
System memory in use before: 116.4 MB.
System memory in use after: 116.6 MB.

Unloading 24 unused Assets to reduce memory usage. Loaded Objects now: 3169.
Total: 3.792600 ms (FindLiveObjects: 0.365800 ms CreateObjectMapping: 0.215000 ms MarkObjects: 3.179700 ms  DeleteObjects: 0.030700 ms)

========================================================================
Received Import Request.
  Time since last request: 235.384986 seconds.
  path: Assets/Resources/ScriptableObjects/Skills/04_Mitsuha/S0401a_フォトン粒子砲α.asset
  artifactKey: Guid(302daf81d08e5a541a27dd6f1d886432) Importer(815301076,1909f56bfc062723c751e8b465ee728b)
Start importing Assets/Resources/ScriptableObjects/Skills/04_Mitsuha/S0401a_フォトン粒子砲α.asset using Guid(302daf81d08e5a541a27dd6f1d886432) Importer(815301076,1909f56bfc062723c751e8b465ee728b)  -> (artifact id: 'fcf956b6ccba38c87b901c4cebdeaf96') in 0.074082 seconds
  Import took 0.086722 seconds .

========================================================================
Received Import Request.
  Time since last request: 0.938649 seconds.
  path: Assets/Resources/ScriptableObjects/Skills/04_Mitsuha/S0401b_フォトン粒子砲α.asset
  artifactKey: Guid(84c6f7bcfa0f06e4d8bc65a775707410) Importer(815301076,1909f56bfc062723c751e8b465ee728b)
Start importing Assets/Resources/ScriptableObjects/Skills/04_Mitsuha/S0401b_フォトン粒子砲α.asset using Guid(84c6f7bcfa0f06e4d8bc65a775707410) Importer(815301076,1909f56bfc062723c751e8b465ee728b)  -> (artifact id: '28c17edf1b97055dbcb4e43a97b63561') in 0.081482 seconds
  Import took 0.097509 seconds .

========================================================================
Received Import Request.
  Time since last request: 2.755562 seconds.
  path: Assets/Resources/ScriptableObjects/Skills/04_Mitsuha/S0403b_フォトン粒子砲γ.asset
  artifactKey: Guid(6f3535298110bd245b6ce1117c9f64c1) Importer(815301076,1909f56bfc062723c751e8b465ee728b)
Start importing Assets/Resources/ScriptableObjects/Skills/04_Mitsuha/S0403b_フォトン粒子砲γ.asset using Guid(6f3535298110bd245b6ce1117c9f64c1) Importer(815301076,1909f56bfc062723c751e8b465ee728b)  -> (artifact id: 'd3d789aa42d7bd52d5a067b471f95868') in 0.064318 seconds
  Import took 0.071874 seconds .

========================================================================
Received Import Request.
  Time since last request: 1.007099 seconds.
  path: Assets/Resources/ScriptableObjects/Skills/04_Mitsuha/S0403a_フォトン粒子砲γ.asset
  artifactKey: Guid(cd327d856681b1445990afddb1ed4c7e) Importer(815301076,1909f56bfc062723c751e8b465ee728b)
Start importing Assets/Resources/ScriptableObjects/Skills/04_Mitsuha/S0403a_フォトン粒子砲γ.asset using Guid(cd327d856681b1445990afddb1ed4c7e) Importer(815301076,1909f56bfc062723c751e8b465ee728b)  -> (artifact id: 'f8c268e78881808135e0a9cf520f816b') in 0.021227 seconds
  Import took 0.076549 seconds .

========================================================================
Received Import Request.
  Time since last request: 120.436119 seconds.
  path: Assets/Resources/ScriptableObjects/Skills/02_Seira
  artifactKey: Guid(57d17fe96cea9dd43bb0122e319c9e79) Importer(815301076,1909f56bfc062723c751e8b465ee728b)
Start importing Assets/Resources/ScriptableObjects/Skills/02_Seira using Guid(57d17fe96cea9dd43bb0122e319c9e79) Importer(815301076,1909f56bfc062723c751e8b465ee728b)  -> (artifact id: '8ace49dfd24cdd042e2297263473e40d') in 0.014127 seconds
  Import took 0.066756 seconds .

========================================================================
Received Import Request.
  Time since last request: 272.782024 seconds.
  path: Assets/Sprites/99_UI/GameScene/CutIn/ActionPhase.png
  artifactKey: Guid(2d3502c7522ccdb4b8335992cb7daf3a) Importer(815301076,1909f56bfc062723c751e8b465ee728b)
Start importing Assets/Sprites/99_UI/GameScene/CutIn/ActionPhase.png using Guid(2d3502c7522ccdb4b8335992cb7daf3a) Importer(815301076,1909f56bfc062723c751e8b465ee728b)  -> (artifact id: 'dc09d7dc0be7877c9eac73a62c40eaf6') in 0.263722 seconds
  Import took 0.274627 seconds .

========================================================================
Received Import Request.
  Time since last request: 2.227619 seconds.
  path: Assets/Sprites/01_Effect/97_Buff/Buff_Effect_2.png
  artifactKey: Guid(05c1e7a7a9a60fb4b9645f3c244a5fcb) Importer(815301076,1909f56bfc062723c751e8b465ee728b)
Start importing Assets/Sprites/01_Effect/97_Buff/Buff_Effect_2.png using Guid(05c1e7a7a9a60fb4b9645f3c244a5fcb) Importer(815301076,1909f56bfc062723c751e8b465ee728b)  -> (artifact id: 'd535abc85ed0ce21b083699928618668') in 0.121077 seconds
  Import took 0.131614 seconds .

========================================================================
Received Import Request.
  Time since last request: 0.582627 seconds.
  path: Assets/Sprites/01_Effect/97_Buff/Buff_Effect_3.png
  artifactKey: Guid(9f6bbed484619ef48a41133751def8cd) Importer(815301076,1909f56bfc062723c751e8b465ee728b)
Start importing Assets/Sprites/01_Effect/97_Buff/Buff_Effect_3.png using Guid(9f6bbed484619ef48a41133751def8cd) Importer(815301076,1909f56bfc062723c751e8b465ee728b)  -> (artifact id: 'f4b900191c8b19760cd0aafae9d8a7a6') in 0.074438 seconds
  Import took 0.129296 seconds .

========================================================================
Received Import Request.
  Time since last request: 18.784642 seconds.
  path: Assets/Sprites/01_Effect/97_Buff/Buff_Effect_4.png
  artifactKey: Guid(7614e9236ea535b4b890a4d2d0945539) Importer(815301076,1909f56bfc062723c751e8b465ee728b)
Start importing Assets/Sprites/01_Effect/97_Buff/Buff_Effect_4.png using Guid(7614e9236ea535b4b890a4d2d0945539) Importer(815301076,1909f56bfc062723c751e8b465ee728b)  -> (artifact id: '69dca1b03da6aa4dd6c570b807301b2b') in 0.172595 seconds
  Import took 0.184903 seconds .

========================================================================
Received Import Request.
  Time since last request: 4.955354 seconds.
  path: Assets/Sprites/99_UI/GameScene/CutIn/CommandPhase.png
  artifactKey: Guid(f446992727d4e8640b204c70b261ba69) Importer(815301076,1909f56bfc062723c751e8b465ee728b)
Start importing Assets/Sprites/99_UI/GameScene/CutIn/CommandPhase.png using Guid(f446992727d4e8640b204c70b261ba69) Importer(815301076,1909f56bfc062723c751e8b465ee728b)  -> (artifact id: '3d716cdde576730fb364d6a3c2b5700d') in 0.131156 seconds
  Import took 0.147898 seconds .

AssetImportWorkerClient::OnTransportError - code=2 error=End of file
