Using pre-set license
Built from '2020.3/staging' branch; Version is '2020.3.11f1 (99c7afb366b3) revision 10078127'; Using compiler version '192528614'; Build Type 'Release'
OS: 'Windows 10 Pro; OS build 19042.1052; Version 2009; 64bit' Language: 'ja' Physical Memory: 8048 MB
BatchMode: 1, IsHumanControllingUs: 0, StartBugReporterOnCrash: 0, Is64bit: 1, IsPro: 0

 COMMAND LINE ARGUMENTS:
C:\Program Files\Unity\Hub\Editor\2020.3.11f1\Editor\Unity.exe
-adb2
-batchMode
-noUpm
-name
AssetImportWorker1
-projectPath
C:/Users/user/Desktop/Glidders!!/GliddersPrototype/Glidders
-logFile
Logs/AssetImportWorker1.log
-srvPort
54255
Successfully changed project path to: C:/Users/user/Desktop/Glidders!!/GliddersPrototype/Glidders
C:/Users/user/Desktop/Glidders!!/GliddersPrototype/Glidders
Using Asset Import Pipeline V2.
Refreshing native plugins compatible for Editor in 167.05 ms, found 3 plugins.
Preloading 0 native plugins for Editor in 0.00 ms.
Initialize engine version: 2020.3.11f1 (99c7afb366b3)
[Subsystems] Discovering subsystems at path C:/Program Files/Unity/Hub/Editor/2020.3.11f1/Editor/Data/Resources/UnitySubsystems
[Subsystems] Discovering subsystems at path C:/Users/user/Desktop/Glidders!!/GliddersPrototype/Glidders/Assets
GfxDevice: creating device client; threaded=0
Direct3D:
    Version:  Direct3D 11.0 [level 11.1]
    Renderer: Intel(R) UHD Graphics 620 (ID=0x5917)
    Vendor:   
    VRAM:     4024 MB
    Driver:   27.20.100.7988
Initialize mono
Mono path[0] = 'C:/Program Files/Unity/Hub/Editor/2020.3.11f1/Editor/Data/Managed'
Mono path[1] = 'C:/Program Files/Unity/Hub/Editor/2020.3.11f1/Editor/Data/MonoBleedingEdge/lib/mono/unityjit'
Mono config path = 'C:/Program Files/Unity/Hub/Editor/2020.3.11f1/Editor/Data/MonoBleedingEdge/etc'
Using monoOptions --debugger-agent=transport=dt_socket,embedding=1,server=y,suspend=n,address=127.0.0.1:56400
Begin MonoManager ReloadAssembly
Registering precompiled unity dll's ...
Register platform support module: C:/Program Files/Unity/Hub/Editor/2020.3.11f1/Editor/Data/PlaybackEngines/WindowsStandaloneSupport/UnityEditor.WindowsStandalone.Extensions.dll
Registered in 0.002109 seconds.
Native extension for WindowsStandalone target not found
Refreshing native plugins compatible for Editor in 67.97 ms, found 3 plugins.
Preloading 0 native plugins for Editor in 0.00 ms.
Mono: successfully reloaded assembly
- Completed reload, in  9.290 seconds
Platform modules already initialized, skipping
Registering precompiled user dll's ...
Registered in 0.008352 seconds.
Begin MonoManager ReloadAssembly
Native extension for WindowsStandalone target not found
Refreshing native plugins compatible for Editor in 63.37 ms, found 3 plugins.
Preloading 0 native plugins for Editor in 0.00 ms.
Mono: successfully reloaded assembly
- Completed reload, in  1.721 seconds
Platform modules already initialized, skipping
========================================================================
Worker process is ready to serve import requests
Launched and connected shader compiler UnityShaderCompiler.exe after 0.17 seconds
Refreshing native plugins compatible for Editor in 0.67 ms, found 3 plugins.
Preloading 0 native plugins for Editor in 0.00 ms.
Unloading 2493 Unused Serialized files (Serialized files now loaded: 0)
System memory in use before: 109.1 MB.
System memory in use after: 109.2 MB.

Unloading 36 unused Assets to reduce memory usage. Loaded Objects now: 2930.
Total: 3.825500 ms (FindLiveObjects: 0.596600 ms CreateObjectMapping: 0.256800 ms MarkObjects: 2.880100 ms  DeleteObjects: 0.090000 ms)

========================================================================
Received Import Request.
  path: Assets/Sprites/00_Character/Kaito_Hologram.png
  artifactKey: Guid(0c64ba3a8e7782f4ab04e2fd01bdd9d6) Importer(815301076,1909f56bfc062723c751e8b465ee728b)
Start importing Assets/Sprites/00_Character/Kaito_Hologram.png using Guid(0c64ba3a8e7782f4ab04e2fd01bdd9d6) Importer(815301076,1909f56bfc062723c751e8b465ee728b)  -> (artifact id: 'cb0988bdc7428ce289835c37f008e934') in 0.259532 seconds
  Import took 0.265472 seconds .

========================================================================
Received Import Request.
  Time since last request: 19.707650 seconds.
  path: Assets/Sprites/00_Character/Kaito_Hologram.png
  artifactKey: Guid(0c64ba3a8e7782f4ab04e2fd01bdd9d6) Importer(815301076,1909f56bfc062723c751e8b465ee728b)
Start importing Assets/Sprites/00_Character/Kaito_Hologram.png using Guid(0c64ba3a8e7782f4ab04e2fd01bdd9d6) Importer(815301076,1909f56bfc062723c751e8b465ee728b)  -> (artifact id: '31db92776524ccfe9cdbc4bea907841d') in 0.031981 seconds
  Import took 0.039995 seconds .

========================================================================
Received Import Request.
  Time since last request: 10.962679 seconds.
  path: Assets/Sprites/00_Character/Kaito_Hologram.png
  artifactKey: Guid(0c64ba3a8e7782f4ab04e2fd01bdd9d6) Importer(815301076,1909f56bfc062723c751e8b465ee728b)
Start importing Assets/Sprites/00_Character/Kaito_Hologram.png using Guid(0c64ba3a8e7782f4ab04e2fd01bdd9d6) Importer(815301076,1909f56bfc062723c751e8b465ee728b)  -> (artifact id: '84fa00dd5a7f22cff9876b3c842e92d5') in 0.033044 seconds
  Import took 0.039228 seconds .

========================================================================
Received Prepare
Registering precompiled user dll's ...
Registered in 0.008122 seconds.
Begin MonoManager ReloadAssembly
Native extension for WindowsStandalone target not found
Refreshing native plugins compatible for Editor in 0.86 ms, found 3 plugins.
Preloading 0 native plugins for Editor in 0.00 ms.
Mono: successfully reloaded assembly
- Completed reload, in  1.613 seconds
Platform modules already initialized, skipping
Refreshing native plugins compatible for Editor in 0.73 ms, found 3 plugins.
Preloading 0 native plugins for Editor in 0.00 ms.
Unloading 2480 Unused Serialized files (Serialized files now loaded: 0)
System memory in use before: 111.3 MB.
System memory in use after: 111.6 MB.

Unloading 24 unused Assets to reduce memory usage. Loaded Objects now: 2941.
Total: 3.241800 ms (FindLiveObjects: 0.398600 ms CreateObjectMapping: 0.241100 ms MarkObjects: 2.554600 ms  DeleteObjects: 0.045800 ms)

========================================================================
Received Prepare
Registering precompiled user dll's ...
Registered in 0.011832 seconds.
Begin MonoManager ReloadAssembly
Native extension for WindowsStandalone target not found
Refreshing native plugins compatible for Editor in 0.64 ms, found 3 plugins.
Preloading 0 native plugins for Editor in 0.00 ms.
Mono: successfully reloaded assembly
- Completed reload, in  1.520 seconds
Platform modules already initialized, skipping
Refreshing native plugins compatible for Editor in 0.73 ms, found 3 plugins.
Preloading 0 native plugins for Editor in 0.00 ms.
Unloading 2480 Unused Serialized files (Serialized files now loaded: 0)
System memory in use before: 111.4 MB.
System memory in use after: 111.6 MB.

Unloading 24 unused Assets to reduce memory usage. Loaded Objects now: 2945.
Total: 3.348000 ms (FindLiveObjects: 0.348800 ms CreateObjectMapping: 0.180600 ms MarkObjects: 2.778400 ms  DeleteObjects: 0.038600 ms)

========================================================================
Received Prepare
Registering precompiled user dll's ...
Registered in 0.007744 seconds.
Begin MonoManager ReloadAssembly
Native extension for WindowsStandalone target not found
Refreshing native plugins compatible for Editor in 0.60 ms, found 3 plugins.
Preloading 0 native plugins for Editor in 0.00 ms.
Mono: successfully reloaded assembly
- Completed reload, in  1.477 seconds
Platform modules already initialized, skipping
Refreshing native plugins compatible for Editor in 0.61 ms, found 3 plugins.
Preloading 0 native plugins for Editor in 0.00 ms.
Unloading 2480 Unused Serialized files (Serialized files now loaded: 0)
System memory in use before: 111.4 MB.
System memory in use after: 111.6 MB.

Unloading 24 unused Assets to reduce memory usage. Loaded Objects now: 2949.
Total: 4.331600 ms (FindLiveObjects: 0.643900 ms CreateObjectMapping: 0.252400 ms MarkObjects: 3.395600 ms  DeleteObjects: 0.038400 ms)

========================================================================
Received Prepare
Registering precompiled user dll's ...
Registered in 0.008165 seconds.
Begin MonoManager ReloadAssembly
Native extension for WindowsStandalone target not found
Refreshing native plugins compatible for Editor in 0.85 ms, found 3 plugins.
Preloading 0 native plugins for Editor in 0.00 ms.
Mono: successfully reloaded assembly
- Completed reload, in  1.560 seconds
Platform modules already initialized, skipping
Refreshing native plugins compatible for Editor in 0.65 ms, found 3 plugins.
Preloading 0 native plugins for Editor in 0.00 ms.
Unloading 2480 Unused Serialized files (Serialized files now loaded: 0)
System memory in use before: 111.4 MB.
System memory in use after: 111.7 MB.

Unloading 24 unused Assets to reduce memory usage. Loaded Objects now: 2953.
Total: 3.047200 ms (FindLiveObjects: 0.287700 ms CreateObjectMapping: 0.125600 ms MarkObjects: 2.575200 ms  DeleteObjects: 0.057400 ms)

========================================================================
Received Prepare
Registering precompiled user dll's ...
Registered in 0.010393 seconds.
Begin MonoManager ReloadAssembly
Native extension for WindowsStandalone target not found
Refreshing native plugins compatible for Editor in 1.38 ms, found 3 plugins.
Preloading 0 native plugins for Editor in 0.00 ms.
Mono: successfully reloaded assembly
- Completed reload, in  1.536 seconds
Platform modules already initialized, skipping
Refreshing native plugins compatible for Editor in 0.57 ms, found 3 plugins.
Preloading 0 native plugins for Editor in 0.00 ms.
Unloading 2480 Unused Serialized files (Serialized files now loaded: 0)
System memory in use before: 111.4 MB.
System memory in use after: 111.6 MB.

Unloading 24 unused Assets to reduce memory usage. Loaded Objects now: 2957.
Total: 2.930700 ms (FindLiveObjects: 0.290600 ms CreateObjectMapping: 0.125500 ms MarkObjects: 2.445500 ms  DeleteObjects: 0.068000 ms)

========================================================================
Received Prepare
Registering precompiled user dll's ...
Registered in 0.007475 seconds.
Begin MonoManager ReloadAssembly
Native extension for WindowsStandalone target not found
Refreshing native plugins compatible for Editor in 0.72 ms, found 3 plugins.
Preloading 0 native plugins for Editor in 0.00 ms.
Mono: successfully reloaded assembly
- Completed reload, in  1.625 seconds
Platform modules already initialized, skipping
Refreshing native plugins compatible for Editor in 0.67 ms, found 3 plugins.
Preloading 0 native plugins for Editor in 0.00 ms.
Unloading 2480 Unused Serialized files (Serialized files now loaded: 0)
System memory in use before: 111.5 MB.
System memory in use after: 111.7 MB.

Unloading 24 unused Assets to reduce memory usage. Loaded Objects now: 2961.
Total: 4.828900 ms (FindLiveObjects: 0.907300 ms CreateObjectMapping: 0.278200 ms MarkObjects: 3.586400 ms  DeleteObjects: 0.040500 ms)

========================================================================
Received Prepare
Registering precompiled user dll's ...
Registered in 0.008315 seconds.
Begin MonoManager ReloadAssembly
Native extension for WindowsStandalone target not found
Refreshing native plugins compatible for Editor in 0.81 ms, found 3 plugins.
Preloading 0 native plugins for Editor in 0.00 ms.
Mono: successfully reloaded assembly
- Completed reload, in  1.491 seconds
Platform modules already initialized, skipping
Refreshing native plugins compatible for Editor in 0.73 ms, found 3 plugins.
Preloading 0 native plugins for Editor in 0.00 ms.
Unloading 2480 Unused Serialized files (Serialized files now loaded: 0)
System memory in use before: 111.5 MB.
System memory in use after: 111.7 MB.

Unloading 24 unused Assets to reduce memory usage. Loaded Objects now: 2965.
Total: 4.391300 ms (FindLiveObjects: 0.317700 ms CreateObjectMapping: 0.153700 ms MarkObjects: 3.869000 ms  DeleteObjects: 0.049000 ms)

========================================================================
Received Prepare
Registering precompiled user dll's ...
Registered in 0.008243 seconds.
Begin MonoManager ReloadAssembly
Native extension for WindowsStandalone target not found
Refreshing native plugins compatible for Editor in 0.73 ms, found 3 plugins.
Preloading 0 native plugins for Editor in 0.00 ms.
Mono: successfully reloaded assembly
- Completed reload, in  1.455 seconds
Platform modules already initialized, skipping
Refreshing native plugins compatible for Editor in 0.68 ms, found 3 plugins.
Preloading 0 native plugins for Editor in 0.00 ms.
Unloading 2480 Unused Serialized files (Serialized files now loaded: 0)
System memory in use before: 111.5 MB.
System memory in use after: 111.7 MB.

Unloading 24 unused Assets to reduce memory usage. Loaded Objects now: 2969.
Total: 2.918000 ms (FindLiveObjects: 0.276400 ms CreateObjectMapping: 0.128800 ms MarkObjects: 2.488000 ms  DeleteObjects: 0.023900 ms)

========================================================================
Received Prepare
Registering precompiled user dll's ...
Registered in 0.009281 seconds.
Begin MonoManager ReloadAssembly
Native extension for WindowsStandalone target not found
Refreshing native plugins compatible for Editor in 0.74 ms, found 3 plugins.
Preloading 0 native plugins for Editor in 0.00 ms.
Mono: successfully reloaded assembly
- Completed reload, in  1.619 seconds
Platform modules already initialized, skipping
Refreshing native plugins compatible for Editor in 1.35 ms, found 3 plugins.
Preloading 0 native plugins for Editor in 0.00 ms.
Unloading 2480 Unused Serialized files (Serialized files now loaded: 0)
System memory in use before: 111.5 MB.
System memory in use after: 111.7 MB.

Unloading 24 unused Assets to reduce memory usage. Loaded Objects now: 2973.
Total: 4.158500 ms (FindLiveObjects: 0.450100 ms CreateObjectMapping: 0.236000 ms MarkObjects: 3.407600 ms  DeleteObjects: 0.063500 ms)

========================================================================
Received Prepare
Registering precompiled user dll's ...
Registered in 0.008126 seconds.
Begin MonoManager ReloadAssembly
Native extension for WindowsStandalone target not found
Refreshing native plugins compatible for Editor in 0.92 ms, found 3 plugins.
Preloading 0 native plugins for Editor in 0.00 ms.
Mono: successfully reloaded assembly
- Completed reload, in  1.925 seconds
Platform modules already initialized, skipping
Refreshing native plugins compatible for Editor in 1.26 ms, found 3 plugins.
Preloading 0 native plugins for Editor in 0.00 ms.
Unloading 2480 Unused Serialized files (Serialized files now loaded: 0)
System memory in use before: 111.4 MB.
System memory in use after: 111.6 MB.

Unloading 24 unused Assets to reduce memory usage. Loaded Objects now: 2977.
Total: 5.343800 ms (FindLiveObjects: 0.339100 ms CreateObjectMapping: 0.256800 ms MarkObjects: 4.683900 ms  DeleteObjects: 0.062000 ms)

========================================================================
Received Prepare
Registering precompiled user dll's ...
Registered in 0.007803 seconds.
Begin MonoManager ReloadAssembly
Native extension for WindowsStandalone target not found
Refreshing native plugins compatible for Editor in 0.61 ms, found 3 plugins.
Preloading 0 native plugins for Editor in 0.00 ms.
Mono: successfully reloaded assembly
- Completed reload, in  1.615 seconds
Platform modules already initialized, skipping
Refreshing native plugins compatible for Editor in 0.72 ms, found 3 plugins.
Preloading 0 native plugins for Editor in 0.00 ms.
Unloading 2480 Unused Serialized files (Serialized files now loaded: 0)
System memory in use before: 111.5 MB.
System memory in use after: 111.7 MB.

Unloading 24 unused Assets to reduce memory usage. Loaded Objects now: 2981.
Total: 3.547200 ms (FindLiveObjects: 0.319600 ms CreateObjectMapping: 0.140200 ms MarkObjects: 2.999800 ms  DeleteObjects: 0.086500 ms)

========================================================================
Received Prepare
Registering precompiled user dll's ...
Registered in 0.008703 seconds.
Begin MonoManager ReloadAssembly
Native extension for WindowsStandalone target not found
Refreshing native plugins compatible for Editor in 0.74 ms, found 3 plugins.
Preloading 0 native plugins for Editor in 0.00 ms.
Mono: successfully reloaded assembly
- Completed reload, in  1.464 seconds
Platform modules already initialized, skipping
Refreshing native plugins compatible for Editor in 0.69 ms, found 3 plugins.
Preloading 0 native plugins for Editor in 0.00 ms.
Unloading 2480 Unused Serialized files (Serialized files now loaded: 0)
System memory in use before: 111.5 MB.
System memory in use after: 111.7 MB.

Unloading 24 unused Assets to reduce memory usage. Loaded Objects now: 2985.
Total: 5.262700 ms (FindLiveObjects: 0.654100 ms CreateObjectMapping: 0.246700 ms MarkObjects: 4.323800 ms  DeleteObjects: 0.036800 ms)

========================================================================
Received Prepare
Registering precompiled user dll's ...
Registered in 0.007770 seconds.
Begin MonoManager ReloadAssembly
Native extension for WindowsStandalone target not found
Refreshing native plugins compatible for Editor in 0.91 ms, found 3 plugins.
Preloading 0 native plugins for Editor in 0.00 ms.
Mono: successfully reloaded assembly
- Completed reload, in  1.750 seconds
Platform modules already initialized, skipping
Refreshing native plugins compatible for Editor in 1.02 ms, found 3 plugins.
Preloading 0 native plugins for Editor in 0.00 ms.
Unloading 2480 Unused Serialized files (Serialized files now loaded: 0)
System memory in use before: 111.5 MB.
System memory in use after: 111.7 MB.

Unloading 24 unused Assets to reduce memory usage. Loaded Objects now: 2989.
Total: 3.455000 ms (FindLiveObjects: 0.460100 ms CreateObjectMapping: 0.230100 ms MarkObjects: 2.710400 ms  DeleteObjects: 0.053300 ms)

========================================================================
Received Prepare
Registering precompiled user dll's ...
Registered in 0.009404 seconds.
Begin MonoManager ReloadAssembly
Native extension for WindowsStandalone target not found
Refreshing native plugins compatible for Editor in 0.85 ms, found 3 plugins.
Preloading 0 native plugins for Editor in 0.00 ms.
Mono: successfully reloaded assembly
- Completed reload, in  1.539 seconds
Platform modules already initialized, skipping
Refreshing native plugins compatible for Editor in 1.68 ms, found 3 plugins.
Preloading 0 native plugins for Editor in 0.00 ms.
Unloading 2480 Unused Serialized files (Serialized files now loaded: 0)
System memory in use before: 111.5 MB.
System memory in use after: 111.8 MB.

Unloading 24 unused Assets to reduce memory usage. Loaded Objects now: 2993.
Total: 3.823700 ms (FindLiveObjects: 0.324100 ms CreateObjectMapping: 0.141000 ms MarkObjects: 3.321000 ms  DeleteObjects: 0.036600 ms)

========================================================================
Received Prepare
Registering precompiled user dll's ...
Registered in 0.007915 seconds.
Begin MonoManager ReloadAssembly
Native extension for WindowsStandalone target not found
Refreshing native plugins compatible for Editor in 0.62 ms, found 3 plugins.
Preloading 0 native plugins for Editor in 0.00 ms.
Mono: successfully reloaded assembly
- Completed reload, in  1.460 seconds
Platform modules already initialized, skipping
Refreshing native plugins compatible for Editor in 0.88 ms, found 3 plugins.
Preloading 0 native plugins for Editor in 0.00 ms.
Unloading 2480 Unused Serialized files (Serialized files now loaded: 0)
System memory in use before: 111.4 MB.
System memory in use after: 111.7 MB.

Unloading 24 unused Assets to reduce memory usage. Loaded Objects now: 2997.
Total: 3.106100 ms (FindLiveObjects: 0.296500 ms CreateObjectMapping: 0.128400 ms MarkObjects: 2.628000 ms  DeleteObjects: 0.052100 ms)

========================================================================
Received Prepare
Registering precompiled user dll's ...
Registered in 0.008014 seconds.
Begin MonoManager ReloadAssembly
Native extension for WindowsStandalone target not found
Refreshing native plugins compatible for Editor in 0.69 ms, found 3 plugins.
Preloading 0 native plugins for Editor in 0.00 ms.
Mono: successfully reloaded assembly
- Completed reload, in  1.555 seconds
Platform modules already initialized, skipping
Refreshing native plugins compatible for Editor in 0.74 ms, found 3 plugins.
Preloading 0 native plugins for Editor in 0.00 ms.
Unloading 2480 Unused Serialized files (Serialized files now loaded: 0)
System memory in use before: 111.5 MB.
System memory in use after: 111.8 MB.

Unloading 24 unused Assets to reduce memory usage. Loaded Objects now: 3001.
Total: 3.299800 ms (FindLiveObjects: 0.444100 ms CreateObjectMapping: 0.220700 ms MarkObjects: 2.602800 ms  DeleteObjects: 0.030500 ms)

========================================================================
Received Prepare
Registering precompiled user dll's ...
Registered in 0.007878 seconds.
Begin MonoManager ReloadAssembly
Native extension for WindowsStandalone target not found
Refreshing native plugins compatible for Editor in 0.66 ms, found 3 plugins.
Preloading 0 native plugins for Editor in 0.00 ms.
Mono: successfully reloaded assembly
- Completed reload, in  1.716 seconds
Platform modules already initialized, skipping
Refreshing native plugins compatible for Editor in 0.82 ms, found 3 plugins.
Preloading 0 native plugins for Editor in 0.00 ms.
Unloading 2480 Unused Serialized files (Serialized files now loaded: 0)
System memory in use before: 111.6 MB.
System memory in use after: 111.8 MB.

Unloading 24 unused Assets to reduce memory usage. Loaded Objects now: 3005.
Total: 4.207700 ms (FindLiveObjects: 0.279800 ms CreateObjectMapping: 0.139400 ms MarkObjects: 3.752500 ms  DeleteObjects: 0.034600 ms)

========================================================================
Received Prepare
Registering precompiled user dll's ...
Registered in 0.008720 seconds.
Begin MonoManager ReloadAssembly
Native extension for WindowsStandalone target not found
Refreshing native plugins compatible for Editor in 0.61 ms, found 3 plugins.
Preloading 0 native plugins for Editor in 0.00 ms.
Mono: successfully reloaded assembly
- Completed reload, in  1.450 seconds
Platform modules already initialized, skipping
Refreshing native plugins compatible for Editor in 0.76 ms, found 3 plugins.
Preloading 0 native plugins for Editor in 0.00 ms.
Unloading 2480 Unused Serialized files (Serialized files now loaded: 0)
System memory in use before: 111.6 MB.
System memory in use after: 111.8 MB.

Unloading 24 unused Assets to reduce memory usage. Loaded Objects now: 3009.
Total: 2.818900 ms (FindLiveObjects: 0.314200 ms CreateObjectMapping: 0.136700 ms MarkObjects: 2.315300 ms  DeleteObjects: 0.051500 ms)

========================================================================
Received Prepare
Registering precompiled user dll's ...
Registered in 0.007895 seconds.
Begin MonoManager ReloadAssembly
Native extension for WindowsStandalone target not found
Refreshing native plugins compatible for Editor in 0.70 ms, found 3 plugins.
Preloading 0 native plugins for Editor in 0.00 ms.
Mono: successfully reloaded assembly
- Completed reload, in  1.818 seconds
Platform modules already initialized, skipping
Refreshing native plugins compatible for Editor in 0.75 ms, found 3 plugins.
Preloading 0 native plugins for Editor in 0.00 ms.
Unloading 2480 Unused Serialized files (Serialized files now loaded: 0)
System memory in use before: 111.6 MB.
System memory in use after: 111.8 MB.

Unloading 24 unused Assets to reduce memory usage. Loaded Objects now: 3013.
Total: 3.662600 ms (FindLiveObjects: 0.295600 ms CreateObjectMapping: 0.142100 ms MarkObjects: 3.156700 ms  DeleteObjects: 0.066100 ms)

========================================================================
Received Prepare
Registering precompiled user dll's ...
Registered in 0.010810 seconds.
Begin MonoManager ReloadAssembly
Native extension for WindowsStandalone target not found
Refreshing native plugins compatible for Editor in 0.69 ms, found 3 plugins.
Preloading 0 native plugins for Editor in 0.00 ms.
Mono: successfully reloaded assembly
- Completed reload, in  1.476 seconds
Platform modules already initialized, skipping
Refreshing native plugins compatible for Editor in 0.61 ms, found 3 plugins.
Preloading 0 native plugins for Editor in 0.00 ms.
Unloading 2480 Unused Serialized files (Serialized files now loaded: 0)
System memory in use before: 111.5 MB.
System memory in use after: 111.7 MB.

Unloading 24 unused Assets to reduce memory usage. Loaded Objects now: 3017.
Total: 3.572100 ms (FindLiveObjects: 0.281100 ms CreateObjectMapping: 0.131200 ms MarkObjects: 3.104900 ms  DeleteObjects: 0.053800 ms)

========================================================================
Received Prepare
Registering precompiled user dll's ...
Registered in 0.010138 seconds.
Begin MonoManager ReloadAssembly
Native extension for WindowsStandalone target not found
Refreshing native plugins compatible for Editor in 0.84 ms, found 3 plugins.
Preloading 0 native plugins for Editor in 0.00 ms.
Mono: successfully reloaded assembly
- Completed reload, in  1.590 seconds
Platform modules already initialized, skipping
Refreshing native plugins compatible for Editor in 0.60 ms, found 3 plugins.
Preloading 0 native plugins for Editor in 0.00 ms.
Unloading 2480 Unused Serialized files (Serialized files now loaded: 0)
System memory in use before: 111.6 MB.
System memory in use after: 111.8 MB.

Unloading 24 unused Assets to reduce memory usage. Loaded Objects now: 3021.
Total: 4.286000 ms (FindLiveObjects: 0.270200 ms CreateObjectMapping: 0.118500 ms MarkObjects: 3.821300 ms  DeleteObjects: 0.072200 ms)

========================================================================
Received Prepare
Registering precompiled user dll's ...
Registered in 0.007647 seconds.
Begin MonoManager ReloadAssembly
Native extension for WindowsStandalone target not found
Refreshing native plugins compatible for Editor in 0.59 ms, found 3 plugins.
Preloading 0 native plugins for Editor in 0.00 ms.
Mono: successfully reloaded assembly
- Completed reload, in  1.526 seconds
Platform modules already initialized, skipping
Refreshing native plugins compatible for Editor in 0.59 ms, found 3 plugins.
Preloading 0 native plugins for Editor in 0.00 ms.
Unloading 2480 Unused Serialized files (Serialized files now loaded: 0)
System memory in use before: 111.6 MB.
System memory in use after: 111.8 MB.

Unloading 24 unused Assets to reduce memory usage. Loaded Objects now: 3025.
Total: 3.622700 ms (FindLiveObjects: 0.334800 ms CreateObjectMapping: 0.128500 ms MarkObjects: 3.109600 ms  DeleteObjects: 0.045600 ms)

========================================================================
Received Prepare
Registering precompiled user dll's ...
Registered in 0.007771 seconds.
Begin MonoManager ReloadAssembly
Native extension for WindowsStandalone target not found
Refreshing native plugins compatible for Editor in 1.04 ms, found 3 plugins.
Preloading 0 native plugins for Editor in 0.00 ms.
Mono: successfully reloaded assembly
- Completed reload, in  1.588 seconds
Platform modules already initialized, skipping
Refreshing native plugins compatible for Editor in 0.61 ms, found 3 plugins.
Preloading 0 native plugins for Editor in 0.00 ms.
Unloading 2480 Unused Serialized files (Serialized files now loaded: 0)
System memory in use before: 111.6 MB.
System memory in use after: 111.8 MB.

Unloading 24 unused Assets to reduce memory usage. Loaded Objects now: 3029.
Total: 2.735000 ms (FindLiveObjects: 0.297500 ms CreateObjectMapping: 0.137900 ms MarkObjects: 2.200200 ms  DeleteObjects: 0.098300 ms)

========================================================================
Received Prepare
Registering precompiled user dll's ...
Registered in 0.008431 seconds.
Begin MonoManager ReloadAssembly
Native extension for WindowsStandalone target not found
Refreshing native plugins compatible for Editor in 0.63 ms, found 3 plugins.
Preloading 0 native plugins for Editor in 0.00 ms.
Mono: successfully reloaded assembly
- Completed reload, in  1.605 seconds
Platform modules already initialized, skipping
Refreshing native plugins compatible for Editor in 0.72 ms, found 3 plugins.
Preloading 0 native plugins for Editor in 0.00 ms.
Unloading 2480 Unused Serialized files (Serialized files now loaded: 0)
System memory in use before: 111.6 MB.
System memory in use after: 111.8 MB.

Unloading 24 unused Assets to reduce memory usage. Loaded Objects now: 3033.
Total: 2.971300 ms (FindLiveObjects: 0.283400 ms CreateObjectMapping: 0.112400 ms MarkObjects: 2.415700 ms  DeleteObjects: 0.158500 ms)

========================================================================
Received Prepare
Registering precompiled user dll's ...
Registered in 0.008031 seconds.
Begin MonoManager ReloadAssembly
Native extension for WindowsStandalone target not found
Refreshing native plugins compatible for Editor in 0.67 ms, found 3 plugins.
Preloading 0 native plugins for Editor in 0.00 ms.
Mono: successfully reloaded assembly
- Completed reload, in  1.595 seconds
Platform modules already initialized, skipping
Refreshing native plugins compatible for Editor in 0.77 ms, found 3 plugins.
Preloading 0 native plugins for Editor in 0.00 ms.
Unloading 2480 Unused Serialized files (Serialized files now loaded: 0)
System memory in use before: 111.5 MB.
System memory in use after: 111.7 MB.

Unloading 24 unused Assets to reduce memory usage. Loaded Objects now: 3037.
Total: 2.783900 ms (FindLiveObjects: 0.303900 ms CreateObjectMapping: 0.119500 ms MarkObjects: 2.310500 ms  DeleteObjects: 0.049100 ms)

========================================================================
Received Prepare
Registering precompiled user dll's ...
Registered in 0.008089 seconds.
Begin MonoManager ReloadAssembly
Native extension for WindowsStandalone target not found
Refreshing native plugins compatible for Editor in 0.71 ms, found 3 plugins.
Preloading 0 native plugins for Editor in 0.00 ms.
Mono: successfully reloaded assembly
- Completed reload, in  1.583 seconds
Platform modules already initialized, skipping
Refreshing native plugins compatible for Editor in 0.94 ms, found 3 plugins.
Preloading 0 native plugins for Editor in 0.00 ms.
Unloading 2480 Unused Serialized files (Serialized files now loaded: 0)
System memory in use before: 111.6 MB.
System memory in use after: 111.8 MB.

Unloading 24 unused Assets to reduce memory usage. Loaded Objects now: 3041.
Total: 3.295800 ms (FindLiveObjects: 0.422200 ms CreateObjectMapping: 0.232300 ms MarkObjects: 2.608400 ms  DeleteObjects: 0.031600 ms)

========================================================================
Received Prepare
Registering precompiled user dll's ...
Registered in 0.007516 seconds.
Begin MonoManager ReloadAssembly
Native extension for WindowsStandalone target not found
Refreshing native plugins compatible for Editor in 0.66 ms, found 3 plugins.
Preloading 0 native plugins for Editor in 0.00 ms.
Mono: successfully reloaded assembly
- Completed reload, in  1.411 seconds
Platform modules already initialized, skipping
Refreshing native plugins compatible for Editor in 1.03 ms, found 3 plugins.
Preloading 0 native plugins for Editor in 0.00 ms.
Unloading 2480 Unused Serialized files (Serialized files now loaded: 0)
System memory in use before: 111.6 MB.
System memory in use after: 111.9 MB.

Unloading 24 unused Assets to reduce memory usage. Loaded Objects now: 3045.
Total: 3.152400 ms (FindLiveObjects: 0.300300 ms CreateObjectMapping: 0.137800 ms MarkObjects: 2.657400 ms  DeleteObjects: 0.055300 ms)

========================================================================
Received Import Request.
  Time since last request: 3007.223421 seconds.
  path: Assets/Sprites/00_Character
  artifactKey: Guid(bbdb17f08c98d2542b92e120a73367f8) Importer(815301076,1909f56bfc062723c751e8b465ee728b)
Start importing Assets/Sprites/00_Character using Guid(bbdb17f08c98d2542b92e120a73367f8) Importer(815301076,1909f56bfc062723c751e8b465ee728b)  -> (artifact id: '4f2c135bd97f98dc9bfb5264a6821349') in 0.023250 seconds
  Import took 0.037375 seconds .

========================================================================
Received Prepare
Registering precompiled user dll's ...
Registered in 0.009244 seconds.
Begin MonoManager ReloadAssembly
Native extension for WindowsStandalone target not found
Refreshing native plugins compatible for Editor in 0.64 ms, found 3 plugins.
Preloading 0 native plugins for Editor in 0.00 ms.
Mono: successfully reloaded assembly
- Completed reload, in  1.465 seconds
Platform modules already initialized, skipping
Refreshing native plugins compatible for Editor in 1.12 ms, found 3 plugins.
Preloading 0 native plugins for Editor in 0.00 ms.
Unloading 2480 Unused Serialized files (Serialized files now loaded: 0)
System memory in use before: 111.7 MB.
System memory in use after: 111.9 MB.

Unloading 24 unused Assets to reduce memory usage. Loaded Objects now: 3049.
Total: 5.173600 ms (FindLiveObjects: 0.398400 ms CreateObjectMapping: 0.206400 ms MarkObjects: 4.511200 ms  DeleteObjects: 0.049600 ms)

========================================================================
Received Import Request.
  Time since last request: 14.726624 seconds.
  path: Assets/Sprites/00_Character/Kaito_Hologram.png
  artifactKey: Guid(0c64ba3a8e7782f4ab04e2fd01bdd9d6) Importer(815301076,1909f56bfc062723c751e8b465ee728b)
Start importing Assets/Sprites/00_Character/Kaito_Hologram.png using Guid(0c64ba3a8e7782f4ab04e2fd01bdd9d6) Importer(815301076,1909f56bfc062723c751e8b465ee728b)  -> (artifact id: '485f2b4a56894b731ee0ced4a0ca7f3e') in 0.109830 seconds
  Import took 0.126490 seconds .

========================================================================
Received Import Request.
  Time since last request: 8.335345 seconds.
  path: Assets/Sprites/00_Character/Kaito_Hologram.png
  artifactKey: Guid(0c64ba3a8e7782f4ab04e2fd01bdd9d6) Importer(815301076,1909f56bfc062723c751e8b465ee728b)
Start importing Assets/Sprites/00_Character/Kaito_Hologram.png using Guid(0c64ba3a8e7782f4ab04e2fd01bdd9d6) Importer(815301076,1909f56bfc062723c751e8b465ee728b)  -> (artifact id: 'dba974e66d9e8c45325c3b9451036ab4') in 0.031521 seconds
  Import took 0.037245 seconds .

========================================================================
Received Import Request.
  Time since last request: 7.841815 seconds.
  path: Assets/Sprites/00_Character/Kaito_Hologram.png
  artifactKey: Guid(0c64ba3a8e7782f4ab04e2fd01bdd9d6) Importer(815301076,1909f56bfc062723c751e8b465ee728b)
Start importing Assets/Sprites/00_Character/Kaito_Hologram.png using Guid(0c64ba3a8e7782f4ab04e2fd01bdd9d6) Importer(815301076,1909f56bfc062723c751e8b465ee728b)  -> (artifact id: 'c48780b7d382e2f1ca0f45005eb4347a') in 0.031497 seconds
  Import took 0.039274 seconds .

========================================================================
Received Import Request.
  Time since last request: 17.109471 seconds.
  path: Assets/Sprites/00_Character/Kaito_Hologram.png
  artifactKey: Guid(0c64ba3a8e7782f4ab04e2fd01bdd9d6) Importer(815301076,1909f56bfc062723c751e8b465ee728b)
Start importing Assets/Sprites/00_Character/Kaito_Hologram.png using Guid(0c64ba3a8e7782f4ab04e2fd01bdd9d6) Importer(815301076,1909f56bfc062723c751e8b465ee728b)  -> (artifact id: '7e79dd3cece4b76ae9508d7416ef4e24') in 0.035296 seconds
  Import took 0.043015 seconds .

========================================================================
Received Prepare
Registering precompiled user dll's ...
Registered in 0.008341 seconds.
Begin MonoManager ReloadAssembly
Native extension for WindowsStandalone target not found
Refreshing native plugins compatible for Editor in 0.87 ms, found 3 plugins.
Preloading 0 native plugins for Editor in 0.00 ms.
Mono: successfully reloaded assembly
- Completed reload, in  1.507 seconds
Platform modules already initialized, skipping
Refreshing native plugins compatible for Editor in 0.73 ms, found 3 plugins.
Preloading 0 native plugins for Editor in 0.00 ms.
Unloading 2480 Unused Serialized files (Serialized files now loaded: 0)
System memory in use before: 111.7 MB.
System memory in use after: 111.9 MB.

Unloading 24 unused Assets to reduce memory usage. Loaded Objects now: 3054.
Total: 6.180200 ms (FindLiveObjects: 0.584900 ms CreateObjectMapping: 0.335900 ms MarkObjects: 5.203700 ms  DeleteObjects: 0.052600 ms)

========================================================================
Received Prepare
Registering precompiled user dll's ...
Registered in 0.008767 seconds.
Begin MonoManager ReloadAssembly
Native extension for WindowsStandalone target not found
Refreshing native plugins compatible for Editor in 0.77 ms, found 3 plugins.
Preloading 0 native plugins for Editor in 0.00 ms.
Mono: successfully reloaded assembly
- Completed reload, in  1.612 seconds
Platform modules already initialized, skipping
Refreshing native plugins compatible for Editor in 0.59 ms, found 3 plugins.
Preloading 0 native plugins for Editor in 0.00 ms.
Unloading 2480 Unused Serialized files (Serialized files now loaded: 0)
System memory in use before: 111.6 MB.
System memory in use after: 111.8 MB.

Unloading 24 unused Assets to reduce memory usage. Loaded Objects now: 3058.
Total: 3.082300 ms (FindLiveObjects: 0.263100 ms CreateObjectMapping: 0.131200 ms MarkObjects: 2.635600 ms  DeleteObjects: 0.051100 ms)

========================================================================
Received Import Request.
  Time since last request: 98.731662 seconds.
  path: Assets/Sprites/00_Character/Kaito_Hologram.png
  artifactKey: Guid(0c64ba3a8e7782f4ab04e2fd01bdd9d6) Importer(815301076,1909f56bfc062723c751e8b465ee728b)
Start importing Assets/Sprites/00_Character/Kaito_Hologram.png using Guid(0c64ba3a8e7782f4ab04e2fd01bdd9d6) Importer(815301076,1909f56bfc062723c751e8b465ee728b)  -> (artifact id: '17c0b16e4df9127bf65503984d83e590') in 0.088318 seconds
  Import took 0.100976 seconds .

========================================================================
Received Prepare
Registering precompiled user dll's ...
Registered in 0.007748 seconds.
Begin MonoManager ReloadAssembly
Native extension for WindowsStandalone target not found
Refreshing native plugins compatible for Editor in 0.87 ms, found 3 plugins.
Preloading 0 native plugins for Editor in 0.00 ms.
Mono: successfully reloaded assembly
- Completed reload, in  1.513 seconds
Platform modules already initialized, skipping
Refreshing native plugins compatible for Editor in 0.74 ms, found 3 plugins.
Preloading 0 native plugins for Editor in 0.00 ms.
Unloading 2480 Unused Serialized files (Serialized files now loaded: 0)
System memory in use before: 111.7 MB.
System memory in use after: 111.9 MB.

Unloading 24 unused Assets to reduce memory usage. Loaded Objects now: 3063.
Total: 3.005100 ms (FindLiveObjects: 0.304300 ms CreateObjectMapping: 0.106500 ms MarkObjects: 2.538600 ms  DeleteObjects: 0.054900 ms)

========================================================================
Received Prepare
Registering precompiled user dll's ...
Registered in 0.011825 seconds.
Begin MonoManager ReloadAssembly
Native extension for WindowsStandalone target not found
Refreshing native plugins compatible for Editor in 0.82 ms, found 3 plugins.
Preloading 0 native plugins for Editor in 0.00 ms.
Mono: successfully reloaded assembly
- Completed reload, in  1.654 seconds
Platform modules already initialized, skipping
Refreshing native plugins compatible for Editor in 0.73 ms, found 3 plugins.
Preloading 0 native plugins for Editor in 0.00 ms.
Unloading 2480 Unused Serialized files (Serialized files now loaded: 0)
System memory in use before: 111.7 MB.
System memory in use after: 111.9 MB.

Unloading 24 unused Assets to reduce memory usage. Loaded Objects now: 3067.
Total: 3.452900 ms (FindLiveObjects: 0.448300 ms CreateObjectMapping: 0.188000 ms MarkObjects: 2.783000 ms  DeleteObjects: 0.032200 ms)

========================================================================
Received Prepare
Registering precompiled user dll's ...
Registered in 0.010707 seconds.
Begin MonoManager ReloadAssembly
Native extension for WindowsStandalone target not found
Refreshing native plugins compatible for Editor in 0.66 ms, found 3 plugins.
Preloading 0 native plugins for Editor in 0.00 ms.
Mono: successfully reloaded assembly
- Completed reload, in  1.687 seconds
Platform modules already initialized, skipping
Refreshing native plugins compatible for Editor in 0.61 ms, found 3 plugins.
Preloading 0 native plugins for Editor in 0.00 ms.
Unloading 2480 Unused Serialized files (Serialized files now loaded: 0)
System memory in use before: 111.7 MB.
System memory in use after: 111.9 MB.

Unloading 24 unused Assets to reduce memory usage. Loaded Objects now: 3071.
Total: 3.933900 ms (FindLiveObjects: 0.521900 ms CreateObjectMapping: 0.243700 ms MarkObjects: 3.111300 ms  DeleteObjects: 0.042300 ms)

========================================================================
Received Import Request.
  Time since last request: 339.778817 seconds.
  path: Assets/Prefabs/Character/Kaito_Hologram.prefab
  artifactKey: Guid(7c7023220b88e7d4cb5c7d583cd714d0) Importer(815301076,1909f56bfc062723c751e8b465ee728b)
Start importing Assets/Prefabs/Character/Kaito_Hologram.prefab using Guid(7c7023220b88e7d4cb5c7d583cd714d0) Importer(815301076,1909f56bfc062723c751e8b465ee728b)  -> (artifact id: '71a8c24c3d975b4fc27276fb9dae81fc') in 0.111729 seconds
  Import took 0.117588 seconds .

========================================================================
Received Import Request.
  Time since last request: 3.119912 seconds.
  path: Assets/Prefabs/Character/Kaito_Hologram.prefab
  artifactKey: Guid(7c7023220b88e7d4cb5c7d583cd714d0) Importer(815301076,1909f56bfc062723c751e8b465ee728b)
Start importing Assets/Prefabs/Character/Kaito_Hologram.prefab using Guid(7c7023220b88e7d4cb5c7d583cd714d0) Importer(815301076,1909f56bfc062723c751e8b465ee728b)  -> (artifact id: 'd56682e615fc216a9045c92580255590') in 0.019924 seconds
  Import took 0.028298 seconds .

========================================================================
Received Prepare
Registering precompiled user dll's ...
Registered in 0.016603 seconds.
Begin MonoManager ReloadAssembly
Native extension for WindowsStandalone target not found
Refreshing native plugins compatible for Editor in 0.76 ms, found 3 plugins.
Preloading 0 native plugins for Editor in 0.00 ms.
Mono: successfully reloaded assembly
- Completed reload, in  2.079 seconds
Platform modules already initialized, skipping
Refreshing native plugins compatible for Editor in 0.69 ms, found 3 plugins.
Preloading 0 native plugins for Editor in 0.00 ms.
Unloading 2480 Unused Serialized files (Serialized files now loaded: 0)
System memory in use before: 111.8 MB.
System memory in use after: 112.0 MB.

Unloading 24 unused Assets to reduce memory usage. Loaded Objects now: 3079.
Total: 5.348000 ms (FindLiveObjects: 0.549700 ms CreateObjectMapping: 0.408900 ms MarkObjects: 4.342500 ms  DeleteObjects: 0.044900 ms)

========================================================================
Received Prepare
Registering precompiled user dll's ...
Registered in 0.008191 seconds.
Begin MonoManager ReloadAssembly
Native extension for WindowsStandalone target not found
Refreshing native plugins compatible for Editor in 0.62 ms, found 3 plugins.
Preloading 0 native plugins for Editor in 0.00 ms.
Mono: successfully reloaded assembly
- Completed reload, in  1.496 seconds
Platform modules already initialized, skipping
Refreshing native plugins compatible for Editor in 1.05 ms, found 3 plugins.
Preloading 0 native plugins for Editor in 0.00 ms.
Unloading 2480 Unused Serialized files (Serialized files now loaded: 0)
System memory in use before: 111.7 MB.
System memory in use after: 111.9 MB.

Unloading 24 unused Assets to reduce memory usage. Loaded Objects now: 3083.
Total: 2.895100 ms (FindLiveObjects: 0.291500 ms CreateObjectMapping: 0.148800 ms MarkObjects: 2.411000 ms  DeleteObjects: 0.042300 ms)

========================================================================
Received Prepare
Registering precompiled user dll's ...
Registered in 0.010703 seconds.
Begin MonoManager ReloadAssembly
Native extension for WindowsStandalone target not found
Refreshing native plugins compatible for Editor in 0.72 ms, found 3 plugins.
Preloading 0 native plugins for Editor in 0.00 ms.
Mono: successfully reloaded assembly
- Completed reload, in  1.585 seconds
Platform modules already initialized, skipping
Refreshing native plugins compatible for Editor in 0.65 ms, found 3 plugins.
Preloading 0 native plugins for Editor in 0.00 ms.
Unloading 2480 Unused Serialized files (Serialized files now loaded: 0)
System memory in use before: 111.8 MB.
System memory in use after: 112.0 MB.

Unloading 24 unused Assets to reduce memory usage. Loaded Objects now: 3087.
Total: 4.020700 ms (FindLiveObjects: 0.320300 ms CreateObjectMapping: 0.149800 ms MarkObjects: 3.502200 ms  DeleteObjects: 0.047100 ms)

========================================================================
Received Prepare
Registering precompiled user dll's ...
Registered in 0.007599 seconds.
Begin MonoManager ReloadAssembly
Native extension for WindowsStandalone target not found
Refreshing native plugins compatible for Editor in 0.64 ms, found 3 plugins.
Preloading 0 native plugins for Editor in 0.00 ms.
Mono: successfully reloaded assembly
- Completed reload, in  1.834 seconds
Platform modules already initialized, skipping
Refreshing native plugins compatible for Editor in 0.82 ms, found 3 plugins.
Preloading 0 native plugins for Editor in 0.00 ms.
Unloading 2480 Unused Serialized files (Serialized files now loaded: 0)
System memory in use before: 111.8 MB.
System memory in use after: 112.0 MB.

Unloading 24 unused Assets to reduce memory usage. Loaded Objects now: 3091.
Total: 6.015100 ms (FindLiveObjects: 0.544500 ms CreateObjectMapping: 0.226700 ms MarkObjects: 5.183800 ms  DeleteObjects: 0.057300 ms)

========================================================================
Received Prepare
Registering precompiled user dll's ...
Registered in 0.007693 seconds.
Begin MonoManager ReloadAssembly
Native extension for WindowsStandalone target not found
Refreshing native plugins compatible for Editor in 1.17 ms, found 3 plugins.
Preloading 0 native plugins for Editor in 0.00 ms.
Mono: successfully reloaded assembly
- Completed reload, in  1.541 seconds
Platform modules already initialized, skipping
Refreshing native plugins compatible for Editor in 0.71 ms, found 3 plugins.
Preloading 0 native plugins for Editor in 0.00 ms.
Unloading 2480 Unused Serialized files (Serialized files now loaded: 0)
System memory in use before: 111.8 MB.
System memory in use after: 112.0 MB.

Unloading 24 unused Assets to reduce memory usage. Loaded Objects now: 3095.
Total: 3.505900 ms (FindLiveObjects: 0.310100 ms CreateObjectMapping: 0.118300 ms MarkObjects: 3.028600 ms  DeleteObjects: 0.047600 ms)

========================================================================
Received Prepare
Registering precompiled user dll's ...
Registered in 0.012574 seconds.
Begin MonoManager ReloadAssembly
Native extension for WindowsStandalone target not found
Refreshing native plugins compatible for Editor in 0.62 ms, found 3 plugins.
Preloading 0 native plugins for Editor in 0.00 ms.
Mono: successfully reloaded assembly
- Completed reload, in  1.615 seconds
Platform modules already initialized, skipping
Refreshing native plugins compatible for Editor in 0.63 ms, found 3 plugins.
Preloading 0 native plugins for Editor in 0.00 ms.
Unloading 2480 Unused Serialized files (Serialized files now loaded: 0)
System memory in use before: 111.8 MB.
System memory in use after: 112.0 MB.

Unloading 24 unused Assets to reduce memory usage. Loaded Objects now: 3099.
Total: 3.446600 ms (FindLiveObjects: 0.341800 ms CreateObjectMapping: 0.123300 ms MarkObjects: 2.912000 ms  DeleteObjects: 0.068300 ms)

========================================================================
Received Prepare
Registering precompiled user dll's ...
Registered in 0.008716 seconds.
Begin MonoManager ReloadAssembly
Native extension for WindowsStandalone target not found
Refreshing native plugins compatible for Editor in 0.59 ms, found 3 plugins.
Preloading 0 native plugins for Editor in 0.00 ms.
Mono: successfully reloaded assembly
- Completed reload, in  1.615 seconds
Platform modules already initialized, skipping
Refreshing native plugins compatible for Editor in 0.62 ms, found 3 plugins.
Preloading 0 native plugins for Editor in 0.00 ms.
Unloading 2480 Unused Serialized files (Serialized files now loaded: 0)
System memory in use before: 111.7 MB.
System memory in use after: 112.0 MB.

Unloading 24 unused Assets to reduce memory usage. Loaded Objects now: 3103.
Total: 4.503500 ms (FindLiveObjects: 0.327400 ms CreateObjectMapping: 0.150600 ms MarkObjects: 3.956200 ms  DeleteObjects: 0.068200 ms)

========================================================================
Received Prepare
Registering precompiled user dll's ...
Registered in 0.010782 seconds.
Begin MonoManager ReloadAssembly
Native extension for WindowsStandalone target not found
Refreshing native plugins compatible for Editor in 0.84 ms, found 3 plugins.
Preloading 0 native plugins for Editor in 0.00 ms.
Mono: successfully reloaded assembly
- Completed reload, in  2.180 seconds
Platform modules already initialized, skipping
Refreshing native plugins compatible for Editor in 0.96 ms, found 3 plugins.
Preloading 0 native plugins for Editor in 0.00 ms.
Unloading 2480 Unused Serialized files (Serialized files now loaded: 0)
System memory in use before: 111.8 MB.
System memory in use after: 112.1 MB.

Unloading 24 unused Assets to reduce memory usage. Loaded Objects now: 3107.
Total: 4.036200 ms (FindLiveObjects: 0.500800 ms CreateObjectMapping: 0.206500 ms MarkObjects: 3.148300 ms  DeleteObjects: 0.178800 ms)

========================================================================
Received Prepare
Registering precompiled user dll's ...
Registered in 0.008702 seconds.
Begin MonoManager ReloadAssembly
Native extension for WindowsStandalone target not found
Refreshing native plugins compatible for Editor in 0.75 ms, found 3 plugins.
Preloading 0 native plugins for Editor in 0.00 ms.
Mono: successfully reloaded assembly
- Completed reload, in  1.470 seconds
Platform modules already initialized, skipping
Refreshing native plugins compatible for Editor in 0.68 ms, found 3 plugins.
Preloading 0 native plugins for Editor in 0.00 ms.
Unloading 2480 Unused Serialized files (Serialized files now loaded: 0)
System memory in use before: 111.8 MB.
System memory in use after: 112.1 MB.

Unloading 24 unused Assets to reduce memory usage. Loaded Objects now: 3111.
Total: 4.361000 ms (FindLiveObjects: 0.266500 ms CreateObjectMapping: 0.115400 ms MarkObjects: 3.903300 ms  DeleteObjects: 0.074500 ms)

========================================================================
Received Prepare
Registering precompiled user dll's ...
Registered in 0.009087 seconds.
Begin MonoManager ReloadAssembly
Native extension for WindowsStandalone target not found
Refreshing native plugins compatible for Editor in 0.72 ms, found 3 plugins.
Preloading 0 native plugins for Editor in 0.00 ms.
Mono: successfully reloaded assembly
- Completed reload, in  1.538 seconds
Platform modules already initialized, skipping
Refreshing native plugins compatible for Editor in 0.78 ms, found 3 plugins.
Preloading 0 native plugins for Editor in 0.00 ms.
Unloading 2480 Unused Serialized files (Serialized files now loaded: 0)
System memory in use before: 111.9 MB.
System memory in use after: 112.1 MB.

Unloading 24 unused Assets to reduce memory usage. Loaded Objects now: 3115.
Total: 3.176200 ms (FindLiveObjects: 0.307300 ms CreateObjectMapping: 0.109600 ms MarkObjects: 2.702700 ms  DeleteObjects: 0.055400 ms)

========================================================================
Received Prepare
Registering precompiled user dll's ...
Registered in 0.008904 seconds.
Begin MonoManager ReloadAssembly
Native extension for WindowsStandalone target not found
Refreshing native plugins compatible for Editor in 0.72 ms, found 3 plugins.
Preloading 0 native plugins for Editor in 0.00 ms.
Mono: successfully reloaded assembly
- Completed reload, in  1.491 seconds
Platform modules already initialized, skipping
Refreshing native plugins compatible for Editor in 0.64 ms, found 3 plugins.
Preloading 0 native plugins for Editor in 0.00 ms.
Unloading 2480 Unused Serialized files (Serialized files now loaded: 0)
System memory in use before: 111.9 MB.
System memory in use after: 112.1 MB.

Unloading 24 unused Assets to reduce memory usage. Loaded Objects now: 3119.
Total: 3.366900 ms (FindLiveObjects: 0.293100 ms CreateObjectMapping: 0.154900 ms MarkObjects: 2.852900 ms  DeleteObjects: 0.064800 ms)

========================================================================
Received Prepare
Registering precompiled user dll's ...
Registered in 0.009093 seconds.
Begin MonoManager ReloadAssembly
Native extension for WindowsStandalone target not found
Refreshing native plugins compatible for Editor in 0.67 ms, found 3 plugins.
Preloading 0 native plugins for Editor in 0.00 ms.
Mono: successfully reloaded assembly
- Completed reload, in  1.610 seconds
Platform modules already initialized, skipping
Refreshing native plugins compatible for Editor in 0.77 ms, found 3 plugins.
Preloading 0 native plugins for Editor in 0.00 ms.
Unloading 2480 Unused Serialized files (Serialized files now loaded: 0)
System memory in use before: 111.8 MB.
System memory in use after: 112.0 MB.

Unloading 24 unused Assets to reduce memory usage. Loaded Objects now: 3123.
Total: 4.022900 ms (FindLiveObjects: 0.318600 ms CreateObjectMapping: 0.106700 ms MarkObjects: 3.548400 ms  DeleteObjects: 0.047900 ms)

========================================================================
Received Prepare
Registering precompiled user dll's ...
Registered in 0.008139 seconds.
Begin MonoManager ReloadAssembly
Native extension for WindowsStandalone target not found
Refreshing native plugins compatible for Editor in 0.61 ms, found 3 plugins.
Preloading 0 native plugins for Editor in 0.00 ms.
Mono: successfully reloaded assembly
- Completed reload, in  1.498 seconds
Platform modules already initialized, skipping
Refreshing native plugins compatible for Editor in 0.63 ms, found 3 plugins.
Preloading 0 native plugins for Editor in 0.00 ms.
Unloading 2480 Unused Serialized files (Serialized files now loaded: 0)
System memory in use before: 111.9 MB.
System memory in use after: 112.1 MB.

Unloading 24 unused Assets to reduce memory usage. Loaded Objects now: 3127.
Total: 2.927700 ms (FindLiveObjects: 0.269300 ms CreateObjectMapping: 0.106000 ms MarkObjects: 2.495400 ms  DeleteObjects: 0.055900 ms)

========================================================================
Received Prepare
Registering precompiled user dll's ...
Registered in 0.008729 seconds.
Begin MonoManager ReloadAssembly
Native extension for WindowsStandalone target not found
Refreshing native plugins compatible for Editor in 0.64 ms, found 3 plugins.
Preloading 0 native plugins for Editor in 0.00 ms.
Mono: successfully reloaded assembly
- Completed reload, in  1.540 seconds
Platform modules already initialized, skipping
Refreshing native plugins compatible for Editor in 0.77 ms, found 3 plugins.
Preloading 0 native plugins for Editor in 0.00 ms.
Unloading 2480 Unused Serialized files (Serialized files now loaded: 0)
System memory in use before: 111.9 MB.
System memory in use after: 112.1 MB.

Unloading 24 unused Assets to reduce memory usage. Loaded Objects now: 3131.
Total: 3.514100 ms (FindLiveObjects: 0.291100 ms CreateObjectMapping: 0.126000 ms MarkObjects: 3.020400 ms  DeleteObjects: 0.075300 ms)

========================================================================
Received Prepare
Registering precompiled user dll's ...
Registered in 0.010854 seconds.
Begin MonoManager ReloadAssembly
Native extension for WindowsStandalone target not found
Refreshing native plugins compatible for Editor in 0.70 ms, found 3 plugins.
Preloading 0 native plugins for Editor in 0.00 ms.
Mono: successfully reloaded assembly
- Completed reload, in  1.552 seconds
Platform modules already initialized, skipping
Refreshing native plugins compatible for Editor in 0.86 ms, found 3 plugins.
Preloading 0 native plugins for Editor in 0.00 ms.
Unloading 2480 Unused Serialized files (Serialized files now loaded: 0)
System memory in use before: 111.9 MB.
System memory in use after: 112.1 MB.

Unloading 24 unused Assets to reduce memory usage. Loaded Objects now: 3135.
Total: 3.415500 ms (FindLiveObjects: 0.334700 ms CreateObjectMapping: 0.128100 ms MarkObjects: 2.906500 ms  DeleteObjects: 0.045000 ms)

========================================================================
Received Prepare
Registering precompiled user dll's ...
Registered in 0.008218 seconds.
Begin MonoManager ReloadAssembly
Native extension for WindowsStandalone target not found
Refreshing native plugins compatible for Editor in 0.79 ms, found 3 plugins.
Preloading 0 native plugins for Editor in 0.00 ms.
Mono: successfully reloaded assembly
- Completed reload, in  1.486 seconds
Platform modules already initialized, skipping
Refreshing native plugins compatible for Editor in 0.77 ms, found 3 plugins.
Preloading 0 native plugins for Editor in 0.00 ms.
Unloading 2480 Unused Serialized files (Serialized files now loaded: 0)
System memory in use before: 111.9 MB.
System memory in use after: 112.1 MB.

Unloading 24 unused Assets to reduce memory usage. Loaded Objects now: 3139.
Total: 3.056700 ms (FindLiveObjects: 0.482500 ms CreateObjectMapping: 0.140500 ms MarkObjects: 2.378700 ms  DeleteObjects: 0.053100 ms)

========================================================================
Received Prepare
Registering precompiled user dll's ...
Registered in 0.016836 seconds.
Begin MonoManager ReloadAssembly
Native extension for WindowsStandalone target not found
Refreshing native plugins compatible for Editor in 1.08 ms, found 3 plugins.
Preloading 0 native plugins for Editor in 0.00 ms.
Mono: successfully reloaded assembly
- Completed reload, in  1.376 seconds
Platform modules already initialized, skipping
Refreshing native plugins compatible for Editor in 0.75 ms, found 3 plugins.
Preloading 0 native plugins for Editor in 0.00 ms.
Unloading 2480 Unused Serialized files (Serialized files now loaded: 0)
System memory in use before: 111.9 MB.
System memory in use after: 112.1 MB.

Unloading 24 unused Assets to reduce memory usage. Loaded Objects now: 3143.
Total: 2.905600 ms (FindLiveObjects: 0.371500 ms CreateObjectMapping: 0.124100 ms MarkObjects: 2.387500 ms  DeleteObjects: 0.021500 ms)

========================================================================
Received Import Request.
  Time since last request: 3679.470017 seconds.
  path: Assets/Scripts/StartTest.cs
  artifactKey: Guid(0f74fe90beea05b49ab44146663d7ccc) Importer(815301076,1909f56bfc062723c751e8b465ee728b)
Start importing Assets/Scripts/StartTest.cs using Guid(0f74fe90beea05b49ab44146663d7ccc) Importer(815301076,1909f56bfc062723c751e8b465ee728b)  -> (artifact id: '06267f6a69a23306e4bc4d7fc0f3dca5') in 0.031109 seconds
  Import took 0.039216 seconds .

========================================================================
Received Import Request.
  Time since last request: 0.003269 seconds.
  path: Assets/Scripts/StartTest.cs
  artifactKey: Guid(0f74fe90beea05b49ab44146663d7ccc) Importer(815301076,1909f56bfc062723c751e8b465ee728b)
Start importing Assets/Scripts/StartTest.cs using Guid(0f74fe90beea05b49ab44146663d7ccc) Importer(815301076,1909f56bfc062723c751e8b465ee728b)  -> (artifact id: '06267f6a69a23306e4bc4d7fc0f3dca5') in 0.006548 seconds
  Import took 0.013571 seconds .

========================================================================
Received Prepare
Registering precompiled user dll's ...
Registered in 0.008847 seconds.
Begin MonoManager ReloadAssembly
Native extension for WindowsStandalone target not found
Refreshing native plugins compatible for Editor in 0.69 ms, found 3 plugins.
Preloading 0 native plugins for Editor in 0.00 ms.
Mono: successfully reloaded assembly
- Completed reload, in  1.702 seconds
Platform modules already initialized, skipping
Refreshing native plugins compatible for Editor in 0.69 ms, found 3 plugins.
Preloading 0 native plugins for Editor in 0.00 ms.
Unloading 2481 Unused Serialized files (Serialized files now loaded: 0)
System memory in use before: 111.9 MB.
System memory in use after: 112.2 MB.

Unloading 24 unused Assets to reduce memory usage. Loaded Objects now: 3148.
Total: 5.581900 ms (FindLiveObjects: 0.333300 ms CreateObjectMapping: 0.175800 ms MarkObjects: 5.030500 ms  DeleteObjects: 0.040100 ms)

========================================================================
Received Import Request.
  Time since last request: 17.499063 seconds.
  path: Assets/Scripts/Test
  artifactKey: Guid(f2b33162476334440a645e8e4e3152c6) Importer(815301076,1909f56bfc062723c751e8b465ee728b)
Start importing Assets/Scripts/Test using Guid(f2b33162476334440a645e8e4e3152c6) Importer(815301076,1909f56bfc062723c751e8b465ee728b)  -> (artifact id: '888e3d1793e088ce7523329fc9b0ec5c') in 0.016357 seconds
  Import took 0.024323 seconds .

========================================================================
Received Import Request.
  Time since last request: 0.003165 seconds.
  path: Assets/Scripts/Test
  artifactKey: Guid(f2b33162476334440a645e8e4e3152c6) Importer(815301076,1909f56bfc062723c751e8b465ee728b)
Start importing Assets/Scripts/Test using Guid(f2b33162476334440a645e8e4e3152c6) Importer(815301076,1909f56bfc062723c751e8b465ee728b)  -> (artifact id: '888e3d1793e088ce7523329fc9b0ec5c') in 0.004626 seconds
  Import took 0.010749 seconds .

========================================================================
Received Prepare
Registering precompiled user dll's ...
Registered in 0.009085 seconds.
Begin MonoManager ReloadAssembly
Native extension for WindowsStandalone target not found
Refreshing native plugins compatible for Editor in 0.77 ms, found 3 plugins.
Preloading 0 native plugins for Editor in 0.00 ms.
Mono: successfully reloaded assembly
- Completed reload, in  1.890 seconds
Platform modules already initialized, skipping
Refreshing native plugins compatible for Editor in 0.75 ms, found 3 plugins.
Preloading 0 native plugins for Editor in 0.00 ms.
Unloading 2481 Unused Serialized files (Serialized files now loaded: 0)
System memory in use before: 112.0 MB.
System memory in use after: 112.2 MB.

Unloading 24 unused Assets to reduce memory usage. Loaded Objects now: 3152.
Total: 3.148400 ms (FindLiveObjects: 0.365700 ms CreateObjectMapping: 0.133500 ms MarkObjects: 2.593700 ms  DeleteObjects: 0.054200 ms)

========================================================================
Received Prepare
Registering precompiled user dll's ...
Registered in 0.008256 seconds.
Begin MonoManager ReloadAssembly
Native extension for WindowsStandalone target not found
Refreshing native plugins compatible for Editor in 1.14 ms, found 3 plugins.
Preloading 0 native plugins for Editor in 0.00 ms.
Mono: successfully reloaded assembly
- Completed reload, in  1.518 seconds
Platform modules already initialized, skipping
Refreshing native plugins compatible for Editor in 0.61 ms, found 3 plugins.
Preloading 0 native plugins for Editor in 0.00 ms.
Unloading 2481 Unused Serialized files (Serialized files now loaded: 0)
System memory in use before: 111.9 MB.
System memory in use after: 112.1 MB.

Unloading 24 unused Assets to reduce memory usage. Loaded Objects now: 3156.
Total: 3.058100 ms (FindLiveObjects: 0.460700 ms CreateObjectMapping: 0.186200 ms MarkObjects: 2.361900 ms  DeleteObjects: 0.047600 ms)

========================================================================
Received Import Request.
  Time since last request: 117.080188 seconds.
  path: Assets/Scripts/Test/StartTest.cs
  artifactKey: Guid(0f74fe90beea05b49ab44146663d7ccc) Importer(815301076,1909f56bfc062723c751e8b465ee728b)
Start importing Assets/Scripts/Test/StartTest.cs using Guid(0f74fe90beea05b49ab44146663d7ccc) Importer(815301076,1909f56bfc062723c751e8b465ee728b)  -> (artifact id: 'b12f4078018f5378d8e2545d269db49b') in 0.008334 seconds
  Import took 0.013577 seconds .

========================================================================
Received Prepare
Registering precompiled user dll's ...
Registered in 0.012057 seconds.
Begin MonoManager ReloadAssembly
Native extension for WindowsStandalone target not found
Refreshing native plugins compatible for Editor in 0.67 ms, found 3 plugins.
Preloading 0 native plugins for Editor in 0.00 ms.
Mono: successfully reloaded assembly
- Completed reload, in  1.666 seconds
Platform modules already initialized, skipping
Refreshing native plugins compatible for Editor in 0.73 ms, found 3 plugins.
Preloading 0 native plugins for Editor in 0.00 ms.
Unloading 2481 Unused Serialized files (Serialized files now loaded: 0)
System memory in use before: 112.0 MB.
System memory in use after: 112.2 MB.

Unloading 24 unused Assets to reduce memory usage. Loaded Objects now: 3160.
Total: 3.846700 ms (FindLiveObjects: 0.422100 ms CreateObjectMapping: 0.186000 ms MarkObjects: 3.206400 ms  DeleteObjects: 0.030700 ms)

========================================================================
Received Prepare
Registering precompiled user dll's ...
Registered in 0.008077 seconds.
Begin MonoManager ReloadAssembly
Native extension for WindowsStandalone target not found
Refreshing native plugins compatible for Editor in 0.77 ms, found 3 plugins.
Preloading 0 native plugins for Editor in 0.00 ms.
Mono: successfully reloaded assembly
- Completed reload, in  1.620 seconds
Platform modules already initialized, skipping
Refreshing native plugins compatible for Editor in 0.66 ms, found 3 plugins.
Preloading 0 native plugins for Editor in 0.00 ms.
Unloading 2481 Unused Serialized files (Serialized files now loaded: 0)
System memory in use before: 112.0 MB.
System memory in use after: 112.2 MB.

Unloading 24 unused Assets to reduce memory usage. Loaded Objects now: 3164.
Total: 3.575300 ms (FindLiveObjects: 0.402700 ms CreateObjectMapping: 0.218900 ms MarkObjects: 2.882400 ms  DeleteObjects: 0.070000 ms)

========================================================================
Received Prepare
Registering precompiled user dll's ...
Registered in 0.010507 seconds.
Begin MonoManager ReloadAssembly
Native extension for WindowsStandalone target not found
Refreshing native plugins compatible for Editor in 0.82 ms, found 3 plugins.
Preloading 0 native plugins for Editor in 0.00 ms.
Mono: successfully reloaded assembly
- Completed reload, in  1.593 seconds
Platform modules already initialized, skipping
Refreshing native plugins compatible for Editor in 0.63 ms, found 3 plugins.
Preloading 0 native plugins for Editor in 0.00 ms.
Unloading 2481 Unused Serialized files (Serialized files now loaded: 0)
System memory in use before: 112.0 MB.
System memory in use after: 112.2 MB.

Unloading 24 unused Assets to reduce memory usage. Loaded Objects now: 3168.
Total: 3.176000 ms (FindLiveObjects: 0.267100 ms CreateObjectMapping: 0.121500 ms MarkObjects: 2.755200 ms  DeleteObjects: 0.031100 ms)

========================================================================
Received Prepare
Registering precompiled user dll's ...
Registered in 0.008719 seconds.
Begin MonoManager ReloadAssembly
Native extension for WindowsStandalone target not found
Refreshing native plugins compatible for Editor in 0.74 ms, found 3 plugins.
Preloading 0 native plugins for Editor in 0.00 ms.
Mono: successfully reloaded assembly
- Completed reload, in  1.601 seconds
Platform modules already initialized, skipping
Refreshing native plugins compatible for Editor in 0.59 ms, found 3 plugins.
Preloading 0 native plugins for Editor in 0.00 ms.
Unloading 2481 Unused Serialized files (Serialized files now loaded: 0)
System memory in use before: 112.0 MB.
System memory in use after: 112.2 MB.

Unloading 24 unused Assets to reduce memory usage. Loaded Objects now: 3172.
Total: 3.174800 ms (FindLiveObjects: 0.343700 ms CreateObjectMapping: 0.148700 ms MarkObjects: 2.632800 ms  DeleteObjects: 0.048400 ms)

========================================================================
Received Prepare
Registering precompiled user dll's ...
Registered in 0.007743 seconds.
Begin MonoManager ReloadAssembly
Native extension for WindowsStandalone target not found
Refreshing native plugins compatible for Editor in 0.67 ms, found 3 plugins.
Preloading 0 native plugins for Editor in 0.00 ms.
Mono: successfully reloaded assembly
- Completed reload, in  1.610 seconds
Platform modules already initialized, skipping
Refreshing native plugins compatible for Editor in 0.84 ms, found 3 plugins.
Preloading 0 native plugins for Editor in 0.00 ms.
Unloading 2481 Unused Serialized files (Serialized files now loaded: 0)
System memory in use before: 111.9 MB.
System memory in use after: 112.1 MB.

Unloading 24 unused Assets to reduce memory usage. Loaded Objects now: 3176.
Total: 3.607800 ms (FindLiveObjects: 0.327600 ms CreateObjectMapping: 0.219500 ms MarkObjects: 2.868300 ms  DeleteObjects: 0.191000 ms)

========================================================================
Received Prepare
Registering precompiled user dll's ...
Registered in 0.010593 seconds.
Begin MonoManager ReloadAssembly
Native extension for WindowsStandalone target not found
Refreshing native plugins compatible for Editor in 0.67 ms, found 3 plugins.
Preloading 0 native plugins for Editor in 0.00 ms.
Mono: successfully reloaded assembly
- Completed reload, in  1.574 seconds
Platform modules already initialized, skipping
Refreshing native plugins compatible for Editor in 0.62 ms, found 3 plugins.
Preloading 0 native plugins for Editor in 0.00 ms.
Unloading 2481 Unused Serialized files (Serialized files now loaded: 0)
System memory in use before: 112.0 MB.
System memory in use after: 112.2 MB.

Unloading 24 unused Assets to reduce memory usage. Loaded Objects now: 3180.
Total: 3.093900 ms (FindLiveObjects: 0.268700 ms CreateObjectMapping: 0.121300 ms MarkObjects: 2.634800 ms  DeleteObjects: 0.067200 ms)

========================================================================
Received Prepare
Registering precompiled user dll's ...
Registered in 0.008114 seconds.
Begin MonoManager ReloadAssembly
Native extension for WindowsStandalone target not found
Refreshing native plugins compatible for Editor in 0.68 ms, found 3 plugins.
Preloading 0 native plugins for Editor in 0.00 ms.
Mono: successfully reloaded assembly
- Completed reload, in  1.635 seconds
Platform modules already initialized, skipping
Refreshing native plugins compatible for Editor in 0.68 ms, found 3 plugins.
Preloading 0 native plugins for Editor in 0.00 ms.
Unloading 2481 Unused Serialized files (Serialized files now loaded: 0)
System memory in use before: 112.0 MB.
System memory in use after: 112.2 MB.

Unloading 24 unused Assets to reduce memory usage. Loaded Objects now: 3184.
Total: 3.505100 ms (FindLiveObjects: 0.290600 ms CreateObjectMapping: 0.143100 ms MarkObjects: 3.037300 ms  DeleteObjects: 0.032900 ms)

========================================================================
Received Prepare
Registering precompiled user dll's ...
Registered in 0.008049 seconds.
Begin MonoManager ReloadAssembly
Native extension for WindowsStandalone target not found
Refreshing native plugins compatible for Editor in 0.67 ms, found 3 plugins.
Preloading 0 native plugins for Editor in 0.00 ms.
Mono: successfully reloaded assembly
- Completed reload, in  1.566 seconds
Platform modules already initialized, skipping
Refreshing native plugins compatible for Editor in 0.68 ms, found 3 plugins.
Preloading 0 native plugins for Editor in 0.00 ms.
Unloading 2481 Unused Serialized files (Serialized files now loaded: 0)
System memory in use before: 112.0 MB.
System memory in use after: 112.3 MB.

Unloading 24 unused Assets to reduce memory usage. Loaded Objects now: 3188.
Total: 3.190600 ms (FindLiveObjects: 0.304800 ms CreateObjectMapping: 0.144200 ms MarkObjects: 2.695900 ms  DeleteObjects: 0.044300 ms)

========================================================================
Received Prepare
Registering precompiled user dll's ...
Registered in 0.007900 seconds.
Begin MonoManager ReloadAssembly
Native extension for WindowsStandalone target not found
Refreshing native plugins compatible for Editor in 0.73 ms, found 3 plugins.
Preloading 0 native plugins for Editor in 0.00 ms.
Mono: successfully reloaded assembly
- Completed reload, in  1.603 seconds
Platform modules already initialized, skipping
Refreshing native plugins compatible for Editor in 0.78 ms, found 3 plugins.
Preloading 0 native plugins for Editor in 0.00 ms.
Unloading 2481 Unused Serialized files (Serialized files now loaded: 0)
System memory in use before: 112.0 MB.
System memory in use after: 112.3 MB.

Unloading 24 unused Assets to reduce memory usage. Loaded Objects now: 3192.
Total: 3.694100 ms (FindLiveObjects: 0.448800 ms CreateObjectMapping: 0.167300 ms MarkObjects: 3.019600 ms  DeleteObjects: 0.057300 ms)

========================================================================
Received Prepare
Registering precompiled user dll's ...
Registered in 0.008055 seconds.
Begin MonoManager ReloadAssembly
Native extension for WindowsStandalone target not found
Refreshing native plugins compatible for Editor in 0.61 ms, found 3 plugins.
Preloading 0 native plugins for Editor in 0.00 ms.
Mono: successfully reloaded assembly
- Completed reload, in  1.517 seconds
Platform modules already initialized, skipping
Refreshing native plugins compatible for Editor in 0.78 ms, found 3 plugins.
Preloading 0 native plugins for Editor in 0.00 ms.
Unloading 2481 Unused Serialized files (Serialized files now loaded: 0)
System memory in use before: 111.9 MB.
System memory in use after: 112.2 MB.

Unloading 24 unused Assets to reduce memory usage. Loaded Objects now: 3196.
Total: 3.954300 ms (FindLiveObjects: 0.541100 ms CreateObjectMapping: 0.240400 ms MarkObjects: 3.120400 ms  DeleteObjects: 0.051200 ms)

========================================================================
Received Prepare
Registering precompiled user dll's ...
Registered in 0.014790 seconds.
Begin MonoManager ReloadAssembly
Native extension for WindowsStandalone target not found
Refreshing native plugins compatible for Editor in 0.73 ms, found 3 plugins.
Preloading 0 native plugins for Editor in 0.00 ms.
Mono: successfully reloaded assembly
- Completed reload, in  1.172 seconds
Platform modules already initialized, skipping
Refreshing native plugins compatible for Editor in 0.57 ms, found 3 plugins.
Preloading 0 native plugins for Editor in 0.00 ms.
Unloading 2481 Unused Serialized files (Serialized files now loaded: 0)
System memory in use before: 112.1 MB.
System memory in use after: 112.3 MB.

Unloading 24 unused Assets to reduce memory usage. Loaded Objects now: 3200.
Total: 2.810400 ms (FindLiveObjects: 0.279800 ms CreateObjectMapping: 0.124800 ms MarkObjects: 2.354200 ms  DeleteObjects: 0.050500 ms)

========================================================================
Received Prepare
Registering precompiled user dll's ...
Registered in 0.378113 seconds.
Begin MonoManager ReloadAssembly
Native extension for WindowsStandalone target not found
Refreshing native plugins compatible for Editor in 1.13 ms, found 3 plugins.
Preloading 0 native plugins for Editor in 0.00 ms.
Mono: successfully reloaded assembly
- Completed reload, in  4.004 seconds
Platform modules already initialized, skipping
Refreshing native plugins compatible for Editor in 1.09 ms, found 3 plugins.
Preloading 0 native plugins for Editor in 0.00 ms.
Unloading 2481 Unused Serialized files (Serialized files now loaded: 0)
System memory in use before: 112.1 MB.
System memory in use after: 112.3 MB.

Unloading 24 unused Assets to reduce memory usage. Loaded Objects now: 3204.
Total: 8.193400 ms (FindLiveObjects: 0.856500 ms CreateObjectMapping: 0.313300 ms MarkObjects: 6.912700 ms  DeleteObjects: 0.108000 ms)

========================================================================
Received Prepare
Registering precompiled user dll's ...
Registered in 0.050216 seconds.
Begin MonoManager ReloadAssembly
Native extension for WindowsStandalone target not found
Refreshing native plugins compatible for Editor in 1.84 ms, found 3 plugins.
Preloading 0 native plugins for Editor in 0.00 ms.
Mono: successfully reloaded assembly
- Completed reload, in  3.584 seconds
Platform modules already initialized, skipping
Refreshing native plugins compatible for Editor in 1.08 ms, found 3 plugins.
Preloading 0 native plugins for Editor in 0.00 ms.
Unloading 2481 Unused Serialized files (Serialized files now loaded: 0)
System memory in use before: 112.1 MB.
System memory in use after: 112.3 MB.

Unloading 24 unused Assets to reduce memory usage. Loaded Objects now: 3208.
Total: 4.611500 ms (FindLiveObjects: 0.484400 ms CreateObjectMapping: 0.219700 ms MarkObjects: 3.861000 ms  DeleteObjects: 0.044900 ms)

========================================================================
Received Prepare
Registering precompiled user dll's ...
Registered in 0.008727 seconds.
Begin MonoManager ReloadAssembly
Native extension for WindowsStandalone target not found
Refreshing native plugins compatible for Editor in 0.69 ms, found 3 plugins.
Preloading 0 native plugins for Editor in 0.00 ms.
Mono: successfully reloaded assembly
- Completed reload, in  1.829 seconds
Platform modules already initialized, skipping
Refreshing native plugins compatible for Editor in 0.86 ms, found 3 plugins.
Preloading 0 native plugins for Editor in 0.00 ms.
Unloading 2481 Unused Serialized files (Serialized files now loaded: 0)
System memory in use before: 112.1 MB.
System memory in use after: 112.3 MB.

Unloading 24 unused Assets to reduce memory usage. Loaded Objects now: 3212.
Total: 4.282900 ms (FindLiveObjects: 1.056600 ms CreateObjectMapping: 0.215400 ms MarkObjects: 2.973400 ms  DeleteObjects: 0.036000 ms)

========================================================================
Received Prepare
Registering precompiled user dll's ...
Registered in 0.013848 seconds.
Begin MonoManager ReloadAssembly
Native extension for WindowsStandalone target not found
Refreshing native plugins compatible for Editor in 1.26 ms, found 3 plugins.
Preloading 0 native plugins for Editor in 0.00 ms.
Mono: successfully reloaded assembly
- Completed reload, in  2.817 seconds
Platform modules already initialized, skipping
Refreshing native plugins compatible for Editor in 3.51 ms, found 3 plugins.
Preloading 0 native plugins for Editor in 0.00 ms.
Unloading 2481 Unused Serialized files (Serialized files now loaded: 0)
System memory in use before: 112.0 MB.
System memory in use after: 112.2 MB.

Unloading 24 unused Assets to reduce memory usage. Loaded Objects now: 3216.
Total: 12.243600 ms (FindLiveObjects: 1.017500 ms CreateObjectMapping: 0.485300 ms MarkObjects: 10.559700 ms  DeleteObjects: 0.175700 ms)

AssetImportWorkerClient::OnTransportError - code=2 error=End of file
