Base path: 'C:/Program Files/Unity/Hub/Editor/2020.3.11f1/Editor/Data', plugins path 'C:/Program Files/Unity/Hub/Editor/2020.3.11f1/Editor/Data/PlaybackEngines'
Cmd: initializeCompiler

<<<<<<< HEAD
<<<<<<< HEAD
=======
<<<<<<< HEAD
Cmd: shutdown
=======
<<<<<<< HEAD
=======
<<<<<<< HEAD
=======
<<<<<<< HEAD
=======
<<<<<<< HEAD
=======
<<<<<<< HEAD
=======
<<<<<<< HEAD
=======
Cmd: shutdown
>>>>>>> ed9797a5976b63059a4468cda7c24f47ac724284
>>>>>>> c012e74d6e577315066d763b5f15da65f72fab91
>>>>>>> 41ff8b64807700445bdb01848d2369592584d60d
>>>>>>> 9fb06e759ee3142bb7c33d5d348be15fab2015d6
>>>>>>> 7de3efad8f5ba7bbbf10d0b320a7293a303fe0b6
>>>>>>> 450775c432e394a07e62107be56bffdef120cf81
>>>>>>> 4c82aa6453aef32641133de79b2856c27d58cb56
>>>>>>> a104f19d5ca0120e4a9ae864262d5ef3773445f3
=======
>>>>>>> 5035f2ef0938aa98dfa9568a44d7373e16cb902c
